This file contains any messages produced by compilers while
running configure, to aid debugging if configure makes a mistake.

It was created by wolfssl configure 5.7.6, which was
generated by GNU Autoconf 2.71.  Invocation command line was

  $ ./configure --enable-aes --enable-tls --enable-opensslall

## --------- ##
## Platform. ##
## --------- ##

hostname = ubu22-VirtualBox
uname -m = x86_64
uname -r = 6.8.0-52-generic
uname -s = Linux
uname -v = #53~22.04.1-Ubuntu SMP PREEMPT_DYNAMIC Wed Jan 15 19:18:46 UTC 2

/usr/bin/uname -p = x86_64
/bin/uname -X     = unknown

/bin/arch              = x86_64
/usr/bin/arch -k       = unknown
/usr/convex/getsysinfo = unknown
/usr/bin/hostinfo      = unknown
/bin/machine           = unknown
/usr/bin/oslevel       = unknown
/bin/universe          = unknown

PATH: /home/ubu22/.local/bin/
PATH: /usr/local/sbin/
PATH: /usr/local/bin/
PATH: /usr/sbin/
PATH: /usr/bin/
PATH: /sbin/
PATH: /bin/
PATH: /usr/games/
PATH: /usr/local/games/
PATH: /snap/bin/
PATH: /snap/bin/


## ----------- ##
## Core tests. ##
## ----------- ##

configure:4086: looking for aux files: ltmain.sh missing install-sh config.guess config.sub compile
configure:4099:  trying ./build-aux/
configure:4128:   ./build-aux/ltmain.sh found
configure:4128:   ./build-aux/missing found
configure:4110:   ./build-aux/install-sh found
configure:4128:   ./build-aux/config.guess found
configure:4128:   ./build-aux/config.sub found
configure:4128:   ./build-aux/compile found
configure:4243: checking whether to enable maintainer-specific portions of Makefiles
configure:4253: result: no
configure:4338: checking for gcc
configure:4359: found /usr/bin/gcc
configure:4370: result: gcc
configure:4723: checking for C compiler version
configure:4732: gcc --version >&5
gcc (Ubuntu 11.4.0-1ubuntu1~22.04) 11.4.0
Copyright (C) 2021 Free Software Foundation, Inc.
This is free software; see the source for copying conditions.  There is NO
warranty; not even for MERCHANTABILITY or FITNESS FOR A PARTICULAR PURPOSE.

configure:4743: $? = 0
configure:4732: gcc -v >&5
Using built-in specs.
COLLECT_GCC=gcc
COLLECT_LTO_WRAPPER=/usr/lib/gcc/x86_64-linux-gnu/11/lto-wrapper
OFFLOAD_TARGET_NAMES=nvptx-none:amdgcn-amdhsa
OFFLOAD_TARGET_DEFAULT=1
Target: x86_64-linux-gnu
Configured with: ../src/configure -v --with-pkgversion='Ubuntu 11.4.0-1ubuntu1~22.04' --with-bugurl=file:///usr/share/doc/gcc-11/README.Bugs --enable-languages=c,ada,c++,go,brig,d,fortran,objc,obj-c++,m2 --prefix=/usr --with-gcc-major-version-only --program-suffix=-11 --program-prefix=x86_64-linux-gnu- --enable-shared --enable-linker-build-id --libexecdir=/usr/lib --without-included-gettext --enable-threads=posix --libdir=/usr/lib --enable-nls --enable-bootstrap --enable-clocale=gnu --enable-libstdcxx-debug --enable-libstdcxx-time=yes --with-default-libstdcxx-abi=new --enable-gnu-unique-object --disable-vtable-verify --enable-plugin --enable-default-pie --with-system-zlib --enable-libphobos-checking=release --with-target-system-zlib=auto --enable-objc-gc=auto --enable-multiarch --disable-werror --enable-cet --with-arch-32=i686 --with-abi=m64 --with-multilib-list=m32,m64,mx32 --enable-multilib --with-tune=generic --enable-offload-targets=nvptx-none=/build/gcc-11-XeT9lY/gcc-11-11.4.0/debian/tmp-nvptx/usr,amdgcn-amdhsa=/build/gcc-11-XeT9lY/gcc-11-11.4.0/debian/tmp-gcn/usr --without-cuda-driver --enable-checking=release --build=x86_64-linux-gnu --host=x86_64-linux-gnu --target=x86_64-linux-gnu --with-build-config=bootstrap-lto-lean --enable-link-serialization=2
Thread model: posix
Supported LTO compression algorithms: zlib zstd
gcc version 11.4.0 (Ubuntu 11.4.0-1ubuntu1~22.04) 
... rest of stderr output deleted ...
configure:4743: $? = 0
configure:4732: gcc -V >&5
gcc: error: unrecognized command-line option '-V'
gcc: fatal error: no input files
compilation terminated.
configure:4743: $? = 1
configure:4732: gcc -qversion >&5
gcc: error: unrecognized command-line option '-qversion'; did you mean '--version'?
gcc: fatal error: no input files
compilation terminated.
configure:4743: $? = 1
configure:4732: gcc -version >&5
gcc: error: unrecognized command-line option '-version'
gcc: fatal error: no input files
compilation terminated.
configure:4743: $? = 1
configure:4763: checking whether the C compiler works
configure:4785: gcc      conftest.c  >&5
configure:4789: $? = 0
configure:4839: result: yes
configure:4842: checking for C compiler default output file name
configure:4844: result: a.out
configure:4850: checking for suffix of executables
configure:4857: gcc -o conftest      conftest.c  >&5
configure:4861: $? = 0
configure:4884: result: 
configure:4906: checking whether we are cross compiling
configure:4914: gcc -o conftest      conftest.c  >&5
configure:4918: $? = 0
configure:4925: ./conftest
configure:4929: $? = 0
configure:4944: result: no
configure:4949: checking for suffix of object files
configure:4972: gcc -c     conftest.c >&5
configure:4976: $? = 0
configure:4998: result: o
configure:5002: checking whether the compiler supports GNU C
configure:5022: gcc -c     conftest.c >&5
configure:5022: $? = 0
configure:5032: result: yes
configure:5043: checking whether gcc accepts -g
configure:5064: gcc -c -g  conftest.c >&5
configure:5064: $? = 0
configure:5108: result: yes
configure:5128: checking for gcc option to enable C11 features
configure:5143: gcc  -c     conftest.c >&5
configure:5143: $? = 0
configure:5161: result: none needed
configure:5282: checking whether gcc understands -c and -o together
configure:5305: gcc -c conftest.c -o conftest2.o
configure:5308: $? = 0
configure:5305: gcc -c conftest.c -o conftest2.o
configure:5308: $? = 0
configure:5320: result: yes
configure:5344: checking build system type
configure:5359: result: x86_64-pc-linux-gnu
configure:5379: checking host system type
configure:5393: result: x86_64-pc-linux-gnu
configure:5413: checking target system type
configure:5427: result: x86_64-pc-linux-gnu
configure:5472: checking for a BSD-compatible install
configure:5545: result: /usr/bin/install -c
configure:5556: checking whether build environment is sane
configure:5611: result: yes
configure:5766: checking for a race-free mkdir -p
configure:5810: result: /usr/bin/mkdir -p
configure:5817: checking for gawk
configure:5852: result: no
configure:5817: checking for mawk
configure:5838: found /usr/bin/mawk
configure:5849: result: mawk
configure:5860: checking whether make sets $(MAKE)
configure:5883: result: yes
configure:5905: checking whether make supports the include directive
configure:5920: make -f confmf.GNU && cat confinc.out
this is the am__doit target
configure:5923: $? = 0
configure:5942: result: yes (GNU style)
configure:5977: checking whether make supports nested variables
configure:5995: result: yes
configure:6075: checking whether UID '1000' is supported by ustar format
configure:6078: result: yes
configure:6085: checking whether GID '1000' is supported by ustar format
configure:6088: result: yes
configure:6096: checking how to create a ustar tar archive
configure:6107: tar --version
tar (GNU tar) 1.34
Copyright (C) 2021 Free Software Foundation, Inc.
License GPLv3+: GNU GPL version 3 or later <https://gnu.org/licenses/gpl.html>.
This is free software: you are free to change and redistribute it.
There is NO WARRANTY, to the extent permitted by law.

Written by John Gilmore and Jay Fenlason.
configure:6110: $? = 0
configure:6150: tardir=conftest.dir && eval tar --format=ustar -chf - "$tardir" >conftest.tar
configure:6153: $? = 0
configure:6157: tar -xf - <conftest.tar
configure:6160: $? = 0
configure:6162: cat conftest.dir/file
GrepMe
configure:6165: $? = 0
configure:6179: result: gnutar
configure:6188: checking dependency style of gcc
configure:6300: result: gcc3
configure:6384: checking whether make supports nested variables
configure:6402: result: yes
configure:6467: checking how to print strings
configure:6494: result: printf
configure:6515: checking for a sed that does not truncate output
configure:6585: result: /usr/bin/sed
configure:6603: checking for grep that handles long lines and -e
configure:6667: result: /usr/bin/grep
configure:6672: checking for egrep
configure:6740: result: /usr/bin/grep -E
configure:6745: checking for fgrep
configure:6813: result: /usr/bin/grep -F
configure:6849: checking for ld used by gcc
configure:6917: result: /usr/bin/ld
configure:6924: checking if the linker (/usr/bin/ld) is GNU ld
configure:6940: result: yes
configure:6952: checking for BSD- or MS-compatible name lister (nm)
configure:7007: result: /usr/bin/nm -B
configure:7147: checking the name lister (/usr/bin/nm -B) interface
configure:7155: gcc -c     conftest.c >&5
configure:7158: /usr/bin/nm -B "conftest.o"
configure:7161: output
0000000000000000 B some_variable
configure:7168: result: BSD nm
configure:7171: checking whether ln -s works
configure:7175: result: yes
configure:7183: checking the maximum length of command line arguments
configure:7315: result: 1572864
configure:7363: checking how to convert x86_64-pc-linux-gnu file names to x86_64-pc-linux-gnu format
configure:7404: result: func_convert_file_noop
configure:7411: checking how to convert x86_64-pc-linux-gnu file names to toolchain format
configure:7432: result: func_convert_file_noop
configure:7439: checking for /usr/bin/ld option to reload object files
configure:7447: result: -r
configure:7526: checking for objdump
configure:7547: found /usr/bin/objdump
configure:7558: result: objdump
configure:7587: checking how to recognize dependent libraries
configure:7788: result: pass_all
configure:7878: checking for dlltool
configure:7913: result: no
configure:7940: checking how to associate runtime and link libraries
configure:7968: result: printf %s\n
configure:8034: checking for ar
configure:8055: found /usr/bin/ar
configure:8066: result: ar
configure:8103: checking for archiver @FILE support
configure:8121: gcc -c     conftest.c >&5
configure:8121: $? = 0
configure:8125: ar cr libconftest.a @conftest.lst >&5
configure:8128: $? = 0
configure:8133: ar cr libconftest.a @conftest.lst >&5
ar: conftest.o: No such file or directory
configure:8136: $? = 1
configure:8148: result: @
configure:8211: checking for strip
configure:8232: found /usr/bin/strip
configure:8243: result: strip
configure:8320: checking for ranlib
configure:8341: found /usr/bin/ranlib
configure:8352: result: ranlib
configure:8454: checking command to parse /usr/bin/nm -B output from gcc object
configure:8608: gcc -c     conftest.c >&5
configure:8611: $? = 0
configure:8615: /usr/bin/nm -B conftest.o | sed -n -e 's/^.*[	 ]\([ABCDGIRSTW][ABCDGIRSTW]*\)[	 ][	 ]*\([_A-Za-z][_A-Za-z0-9]*\)$/\1 \2 \2/p' | sed '/ __gnu_lto/d' > conftest.nm
configure:8681: gcc -o conftest      conftest.c conftstm.o >&5
configure:8684: $? = 0
configure:8722: result: ok
configure:8769: checking for sysroot
configure:8800: result: no
configure:8807: checking for a working dd
configure:8851: result: /usr/bin/dd
configure:8855: checking how to truncate binary pipes
configure:8871: result: /usr/bin/dd bs=4096 count=1
configure:9008: gcc -c     conftest.c >&5
configure:9011: $? = 0
configure:9208: checking for mt
configure:9229: found /usr/bin/mt
configure:9240: result: mt
configure:9263: checking if mt is a manifest tool
configure:9270: mt '-?'
configure:9278: result: no
configure:10008: checking for stdio.h
configure:10008: gcc -c     conftest.c >&5
configure:10008: $? = 0
configure:10008: result: yes
configure:10008: checking for stdlib.h
configure:10008: gcc -c     conftest.c >&5
configure:10008: $? = 0
configure:10008: result: yes
configure:10008: checking for string.h
configure:10008: gcc -c     conftest.c >&5
configure:10008: $? = 0
configure:10008: result: yes
configure:10008: checking for inttypes.h
configure:10008: gcc -c     conftest.c >&5
configure:10008: $? = 0
configure:10008: result: yes
configure:10008: checking for stdint.h
configure:10008: gcc -c     conftest.c >&5
configure:10008: $? = 0
configure:10008: result: yes
configure:10008: checking for strings.h
configure:10008: gcc -c     conftest.c >&5
configure:10008: $? = 0
configure:10008: result: yes
configure:10008: checking for sys/stat.h
configure:10008: gcc -c     conftest.c >&5
configure:10008: $? = 0
configure:10008: result: yes
configure:10008: checking for sys/types.h
configure:10008: gcc -c     conftest.c >&5
configure:10008: $? = 0
configure:10008: result: yes
configure:10008: checking for unistd.h
configure:10008: gcc -c     conftest.c >&5
configure:10008: $? = 0
configure:10008: result: yes
configure:10033: checking for dlfcn.h
configure:10033: gcc -c     conftest.c >&5
configure:10033: $? = 0
configure:10033: result: yes
configure:10619: checking for objdir
configure:10635: result: .libs
configure:10899: checking if gcc supports -fno-rtti -fno-exceptions
configure:10918: gcc -c     -fno-rtti -fno-exceptions conftest.c >&5
cc1: warning: command-line option '-fno-rtti' is valid for C++/D/ObjC++ but not for C
configure:10922: $? = 0
configure:10935: result: no
configure:11299: checking for gcc option to produce PIC
configure:11307: result: -fPIC -DPIC
configure:11315: checking if gcc PIC flag -fPIC -DPIC works
configure:11334: gcc -c     -fPIC -DPIC -DPIC conftest.c >&5
configure:11338: $? = 0
configure:11351: result: yes
configure:11380: checking if gcc static flag -static works
configure:11409: result: yes
configure:11424: checking if gcc supports -c -o file.o
configure:11446: gcc -c     -o out/conftest2.o conftest.c >&5
configure:11450: $? = 0
configure:11472: result: yes
configure:11480: checking if gcc supports -c -o file.o
configure:11528: result: yes
configure:11561: checking whether the gcc linker (/usr/bin/ld -m elf_x86_64) supports shared libraries
configure:12831: result: yes
configure:12868: checking whether -lc should be explicitly linked in
configure:12877: gcc -c     conftest.c >&5
configure:12880: $? = 0
configure:12895: gcc -shared  -fPIC -DPIC conftest.o  -v -Wl,-soname -Wl,conftest -o conftest 2\>\&1 \| /usr/bin/grep  -lc  \>/dev/null 2\>\&1
configure:12898: $? = 0
configure:12912: result: no
configure:13072: checking dynamic linker characteristics
configure:13654: gcc -o conftest      -Wl,-rpath -Wl,/foo conftest.c  >&5
configure:13654: $? = 0
configure:13905: result: GNU/Linux ld.so
configure:14027: checking how to hardcode library paths into programs
configure:14052: result: immediate
configure:14604: checking whether stripping libraries is possible
configure:14609: result: yes
configure:14644: checking if libtool supports shared libraries
configure:14646: result: yes
configure:14649: checking whether to build shared libraries
configure:14674: result: yes
configure:14677: checking whether to build static libraries
configure:14681: result: no
configure:14753: checking whether the -Werror option is usable
configure:14773: gcc -c    -Werror  conftest.c >&5
configure:14773: $? = 0
configure:14783: result: yes
configure:14785: checking for simple visibility declarations
configure:14813: gcc -c    -fvisibility=hidden -Werror  conftest.c >&5
configure:14813: $? = 0
configure:14823: result: yes
configure:14855: checking size of long long
configure:14861: gcc -o conftest      conftest.c  >&5
configure:14861: $? = 0
configure:14861: ./conftest
configure:14861: $? = 0
configure:14876: result: 8
configure:14888: checking size of long
configure:14894: gcc -o conftest      conftest.c  >&5
configure:14894: $? = 0
configure:14894: ./conftest
configure:14894: $? = 0
configure:14909: result: 8
configure:14921: checking size of time_t
configure:14927: gcc -o conftest      conftest.c  >&5
configure:14927: $? = 0
configure:14927: ./conftest
configure:14927: $? = 0
configure:14942: result: 8
configure:14950: checking for __uint128_t
configure:14950: gcc -c     conftest.c >&5
configure:14950: $? = 0
configure:14950: gcc -c     conftest.c >&5
conftest.c: In function 'main':
conftest.c:56:26: error: expected expression before ')' token
   56 | if (sizeof ((__uint128_t)))
      |                          ^
configure:14950: $? = 1
configure: failed program was:
| /* confdefs.h */
| #define PACKAGE_NAME "wolfssl"
| #define PACKAGE_TARNAME "wolfssl"
| #define PACKAGE_VERSION "5.7.6"
| #define PACKAGE_STRING "wolfssl 5.7.6"
| #define PACKAGE_BUGREPORT "https://github.com/wolfssl/wolfssl/issues"
| #define PACKAGE_URL "https://www.wolfssl.com"
| #define HAVE_STDIO_H 1
| #define HAVE_STDLIB_H 1
| #define HAVE_STRING_H 1
| #define HAVE_INTTYPES_H 1
| #define HAVE_STDINT_H 1
| #define HAVE_STRINGS_H 1
| #define HAVE_SYS_STAT_H 1
| #define HAVE_SYS_TYPES_H 1
| #define HAVE_UNISTD_H 1
| #define STDC_HEADERS 1
| #define HAVE_DLFCN_H 1
| #define LT_OBJDIR ".libs/"
| #define HAVE_VISIBILITY 1
| #define SIZEOF_LONG_LONG 8
| #define SIZEOF_LONG 8
| #define SIZEOF_TIME_T 8
| /* end confdefs.h.  */
| #include <stddef.h>
| #ifdef HAVE_STDIO_H
| # include <stdio.h>
| #endif
| #ifdef HAVE_STDLIB_H
| # include <stdlib.h>
| #endif
| #ifdef HAVE_STRING_H
| # include <string.h>
| #endif
| #ifdef HAVE_INTTYPES_H
| # include <inttypes.h>
| #endif
| #ifdef HAVE_STDINT_H
| # include <stdint.h>
| #endif
| #ifdef HAVE_STRINGS_H
| # include <strings.h>
| #endif
| #ifdef HAVE_SYS_TYPES_H
| # include <sys/types.h>
| #endif
| #ifdef HAVE_SYS_STAT_H
| # include <sys/stat.h>
| #endif
| #ifdef HAVE_UNISTD_H
| # include <unistd.h>
| #endif
| int
| main (void)
| {
| if (sizeof ((__uint128_t)))
| 	    return 0;
|   ;
|   return 0;
| }
configure:14950: result: yes
configure:15005: checking for arpa/inet.h
configure:15005: gcc -c     conftest.c >&5
configure:15005: $? = 0
configure:15005: result: yes
configure:15011: checking for fcntl.h
configure:15011: gcc -c     conftest.c >&5
configure:15011: $? = 0
configure:15011: result: yes
configure:15017: checking for limits.h
configure:15017: gcc -c     conftest.c >&5
configure:15017: $? = 0
configure:15017: result: yes
configure:15023: checking for netdb.h
configure:15023: gcc -c     conftest.c >&5
configure:15023: $? = 0
configure:15023: result: yes
configure:15029: checking for netinet/in.h
configure:15029: gcc -c     conftest.c >&5
configure:15029: $? = 0
configure:15029: result: yes
configure:15035: checking for stddef.h
configure:15035: gcc -c     conftest.c >&5
configure:15035: $? = 0
configure:15035: result: yes
configure:15041: checking for time.h
configure:15041: gcc -c     conftest.c >&5
configure:15041: $? = 0
configure:15041: result: yes
configure:15047: checking for sys/ioctl.h
configure:15047: gcc -c     conftest.c >&5
configure:15047: $? = 0
configure:15047: result: yes
configure:15053: checking for sys/socket.h
configure:15053: gcc -c     conftest.c >&5
configure:15053: $? = 0
configure:15053: result: yes
configure:15059: checking for sys/time.h
configure:15059: gcc -c     conftest.c >&5
configure:15059: $? = 0
configure:15059: result: yes
configure:15065: checking for errno.h
configure:15065: gcc -c     conftest.c >&5
configure:15065: $? = 0
configure:15065: result: yes
configure:15071: checking for sys/un.h
configure:15071: gcc -c     conftest.c >&5
configure:15071: $? = 0
configure:15071: result: yes
configure:15078: checking for socket in -lnetwork
configure:15101: gcc -o conftest      conftest.c -lnetwork   >&5
/usr/bin/ld: cannot find -lnetwork: No such file or directory
collect2: error: ld returned 1 exit status
configure:15101: $? = 1
configure: failed program was:
| /* confdefs.h */
| #define PACKAGE_NAME "wolfssl"
| #define PACKAGE_TARNAME "wolfssl"
| #define PACKAGE_VERSION "5.7.6"
| #define PACKAGE_STRING "wolfssl 5.7.6"
| #define PACKAGE_BUGREPORT "https://github.com/wolfssl/wolfssl/issues"
| #define PACKAGE_URL "https://www.wolfssl.com"
| #define HAVE_STDIO_H 1
| #define HAVE_STDLIB_H 1
| #define HAVE_STRING_H 1
| #define HAVE_INTTYPES_H 1
| #define HAVE_STDINT_H 1
| #define HAVE_STRINGS_H 1
| #define HAVE_SYS_STAT_H 1
| #define HAVE_SYS_TYPES_H 1
| #define HAVE_UNISTD_H 1
| #define STDC_HEADERS 1
| #define HAVE_DLFCN_H 1
| #define LT_OBJDIR ".libs/"
| #define HAVE_VISIBILITY 1
| #define SIZEOF_LONG_LONG 8
| #define SIZEOF_LONG 8
| #define SIZEOF_TIME_T 8
| #define HAVE___UINT128_T 1
| #define HAVE_ARPA_INET_H 1
| #define HAVE_FCNTL_H 1
| #define HAVE_LIMITS_H 1
| #define HAVE_NETDB_H 1
| #define HAVE_NETINET_IN_H 1
| #define HAVE_STDDEF_H 1
| #define HAVE_TIME_H 1
| #define HAVE_SYS_IOCTL_H 1
| #define HAVE_SYS_SOCKET_H 1
| #define HAVE_SYS_TIME_H 1
| #define HAVE_ERRNO_H 1
| #define HAVE_SYS_UN_H 1
| /* end confdefs.h.  */
| 
| /* Override any GCC internal prototype to avoid an error.
|    Use char because int might match the return type of a GCC
|    builtin and then its argument prototype would still apply.  */
| char socket ();
| int
| main (void)
| {
| return socket ();
|   ;
|   return 0;
| }
configure:15111: result: no
configure:15121: checking whether byte ordering is bigendian
configure:15137: gcc -c     conftest.c >&5
conftest.c:39:16: error: unknown type name 'not'
   39 |                not a universal capable compiler
      |                ^~~
conftest.c:39:22: error: expected '=', ',', ';', 'asm' or '__attribute__' before 'universal'
   39 |                not a universal capable compiler
      |                      ^~~~~~~~~
conftest.c:39:22: error: unknown type name 'universal'
configure:15137: $? = 1
configure: failed program was:
| /* confdefs.h */
| #define PACKAGE_NAME "wolfssl"
| #define PACKAGE_TARNAME "wolfssl"
| #define PACKAGE_VERSION "5.7.6"
| #define PACKAGE_STRING "wolfssl 5.7.6"
| #define PACKAGE_BUGREPORT "https://github.com/wolfssl/wolfssl/issues"
| #define PACKAGE_URL "https://www.wolfssl.com"
| #define HAVE_STDIO_H 1
| #define HAVE_STDLIB_H 1
| #define HAVE_STRING_H 1
| #define HAVE_INTTYPES_H 1
| #define HAVE_STDINT_H 1
| #define HAVE_STRINGS_H 1
| #define HAVE_SYS_STAT_H 1
| #define HAVE_SYS_TYPES_H 1
| #define HAVE_UNISTD_H 1
| #define STDC_HEADERS 1
| #define HAVE_DLFCN_H 1
| #define LT_OBJDIR ".libs/"
| #define HAVE_VISIBILITY 1
| #define SIZEOF_LONG_LONG 8
| #define SIZEOF_LONG 8
| #define SIZEOF_TIME_T 8
| #define HAVE___UINT128_T 1
| #define HAVE_ARPA_INET_H 1
| #define HAVE_FCNTL_H 1
| #define HAVE_LIMITS_H 1
| #define HAVE_NETDB_H 1
| #define HAVE_NETINET_IN_H 1
| #define HAVE_STDDEF_H 1
| #define HAVE_TIME_H 1
| #define HAVE_SYS_IOCTL_H 1
| #define HAVE_SYS_SOCKET_H 1
| #define HAVE_SYS_TIME_H 1
| #define HAVE_ERRNO_H 1
| #define HAVE_SYS_UN_H 1
| /* end confdefs.h.  */
| #ifndef __APPLE_CC__
| 	       not a universal capable compiler
| 	     #endif
| 	     typedef int dummy;
| 
configure:15183: gcc -c     conftest.c >&5
configure:15183: $? = 0
configure:15202: gcc -c     conftest.c >&5
conftest.c: In function 'main':
conftest.c:45:18: error: unknown type name 'not'; did you mean 'ino_t'?
   45 |                  not big endian
      |                  ^~~
      |                  ino_t
conftest.c:45:26: error: expected '=', ',', ';', 'asm' or '__attribute__' before 'endian'
   45 |                  not big endian
      |                          ^~~~~~
configure:15202: $? = 1
configure: failed program was:
| /* confdefs.h */
| #define PACKAGE_NAME "wolfssl"
| #define PACKAGE_TARNAME "wolfssl"
| #define PACKAGE_VERSION "5.7.6"
| #define PACKAGE_STRING "wolfssl 5.7.6"
| #define PACKAGE_BUGREPORT "https://github.com/wolfssl/wolfssl/issues"
| #define PACKAGE_URL "https://www.wolfssl.com"
| #define HAVE_STDIO_H 1
| #define HAVE_STDLIB_H 1
| #define HAVE_STRING_H 1
| #define HAVE_INTTYPES_H 1
| #define HAVE_STDINT_H 1
| #define HAVE_STRINGS_H 1
| #define HAVE_SYS_STAT_H 1
| #define HAVE_SYS_TYPES_H 1
| #define HAVE_UNISTD_H 1
| #define STDC_HEADERS 1
| #define HAVE_DLFCN_H 1
| #define LT_OBJDIR ".libs/"
| #define HAVE_VISIBILITY 1
| #define SIZEOF_LONG_LONG 8
| #define SIZEOF_LONG 8
| #define SIZEOF_TIME_T 8
| #define HAVE___UINT128_T 1
| #define HAVE_ARPA_INET_H 1
| #define HAVE_FCNTL_H 1
| #define HAVE_LIMITS_H 1
| #define HAVE_NETDB_H 1
| #define HAVE_NETINET_IN_H 1
| #define HAVE_STDDEF_H 1
| #define HAVE_TIME_H 1
| #define HAVE_SYS_IOCTL_H 1
| #define HAVE_SYS_SOCKET_H 1
| #define HAVE_SYS_TIME_H 1
| #define HAVE_ERRNO_H 1
| #define HAVE_SYS_UN_H 1
| /* end confdefs.h.  */
| #include <sys/types.h>
| 		#include <sys/param.h>
| 
| int
| main (void)
| {
| #if BYTE_ORDER != BIG_ENDIAN
| 		 not big endian
| 		#endif
| 
|   ;
|   return 0;
| }
configure:15336: result: no
configure:15354: checking for __atomic
configure:15385: gcc -o conftest      conftest.c  >&5
configure:15385: $? = 0
configure:15394: result: yes
configure:15403: checking for stdatomic.h
configure:15403: gcc -c     conftest.c >&5
configure:15403: $? = 0
configure:15403: result: yes
configure:15413: checking for gethostbyname
configure:15413: gcc -o conftest      conftest.c  >&5
configure:15413: $? = 0
configure:15413: result: yes
configure:15419: checking for getaddrinfo
configure:15419: gcc -o conftest      conftest.c  >&5
configure:15419: $? = 0
configure:15419: result: yes
configure:15425: checking for gettimeofday
configure:15425: gcc -o conftest      conftest.c  >&5
configure:15425: $? = 0
configure:15425: result: yes
configure:15431: checking for gmtime_r
configure:15431: gcc -o conftest      conftest.c  >&5
configure:15431: $? = 0
configure:15431: result: yes
configure:15437: checking for gmtime_s
configure:15437: gcc -o conftest      conftest.c  >&5
/usr/bin/ld: /tmp/ccwRXII2.o: in function `main':
conftest.c:(.text+0xe): undefined reference to `gmtime_s'
collect2: error: ld returned 1 exit status
configure:15437: $? = 1
configure: failed program was:
| /* confdefs.h */
| #define PACKAGE_NAME "wolfssl"
| #define PACKAGE_TARNAME "wolfssl"
| #define PACKAGE_VERSION "5.7.6"
| #define PACKAGE_STRING "wolfssl 5.7.6"
| #define PACKAGE_BUGREPORT "https://github.com/wolfssl/wolfssl/issues"
| #define PACKAGE_URL "https://www.wolfssl.com"
| #define HAVE_STDIO_H 1
| #define HAVE_STDLIB_H 1
| #define HAVE_STRING_H 1
| #define HAVE_INTTYPES_H 1
| #define HAVE_STDINT_H 1
| #define HAVE_STRINGS_H 1
| #define HAVE_SYS_STAT_H 1
| #define HAVE_SYS_TYPES_H 1
| #define HAVE_UNISTD_H 1
| #define STDC_HEADERS 1
| #define HAVE_DLFCN_H 1
| #define LT_OBJDIR ".libs/"
| #define HAVE_VISIBILITY 1
| #define SIZEOF_LONG_LONG 8
| #define SIZEOF_LONG 8
| #define SIZEOF_TIME_T 8
| #define HAVE___UINT128_T 1
| #define HAVE_ARPA_INET_H 1
| #define HAVE_FCNTL_H 1
| #define HAVE_LIMITS_H 1
| #define HAVE_NETDB_H 1
| #define HAVE_NETINET_IN_H 1
| #define HAVE_STDDEF_H 1
| #define HAVE_TIME_H 1
| #define HAVE_SYS_IOCTL_H 1
| #define HAVE_SYS_SOCKET_H 1
| #define HAVE_SYS_TIME_H 1
| #define HAVE_ERRNO_H 1
| #define HAVE_SYS_UN_H 1
| #define HAVE_C___ATOMIC 1
| #define HAVE_GETHOSTBYNAME 1
| #define HAVE_GETADDRINFO 1
| #define HAVE_GETTIMEOFDAY 1
| #define HAVE_GMTIME_R 1
| /* end confdefs.h.  */
| /* Define gmtime_s to an innocuous variant, in case <limits.h> declares gmtime_s.
|    For example, HP-UX 11i <limits.h> declares gettimeofday.  */
| #define gmtime_s innocuous_gmtime_s
| 
| /* System header to define __stub macros and hopefully few prototypes,
|    which can conflict with char gmtime_s (); below.  */
| 
| #include <limits.h>
| #undef gmtime_s
| 
| /* Override any GCC internal prototype to avoid an error.
|    Use char because int might match the return type of a GCC
|    builtin and then its argument prototype would still apply.  */
| #ifdef __cplusplus
| extern "C"
| #endif
| char gmtime_s ();
| /* The GNU C library defines this for functions which it implements
|     to always fail with ENOSYS.  Some functions are actually named
|     something starting with __ and the normal name is an alias.  */
| #if defined __stub_gmtime_s || defined __stub___gmtime_s
| choke me
| #endif
| 
| int
| main (void)
| {
| return gmtime_s ();
|   ;
|   return 0;
| }
configure:15437: result: no
configure:15443: checking for inet_ntoa
configure:15443: gcc -o conftest      conftest.c  >&5
configure:15443: $? = 0
configure:15443: result: yes
configure:15449: checking for memset
configure:15449: gcc -o conftest      conftest.c  >&5
conftest.c:60:6: warning: conflicting types for built-in function 'memset'; expected 'void *(void *, int,  long unsigned int)' [-Wbuiltin-declaration-mismatch]
   60 | char memset ();
      |      ^~~~~~
conftest.c:52:1: note: 'memset' is declared in header '<string.h>'
   51 | #include <limits.h>
   52 | #undef memset
configure:15449: $? = 0
configure:15449: result: yes
configure:15455: checking for socket
configure:15455: gcc -o conftest      conftest.c  >&5
configure:15455: $? = 0
configure:15455: result: yes
configure:15461: checking for strftime
configure:15461: gcc -o conftest      conftest.c  >&5
conftest.c:62:6: warning: conflicting types for built-in function 'strftime'; expected 'long unsigned int(char *, long unsigned int,  const char *, const void *)' [-Wbuiltin-declaration-mismatch]
   62 | char strftime ();
      |      ^~~~~~~~
conftest.c:54:1: note: 'strftime' is declared in header '<time.h>'
   53 | #include <limits.h>
   54 | #undef strftime
configure:15461: $? = 0
configure:15461: result: yes
configure:15467: checking for atexit
configure:15467: gcc -o conftest      conftest.c  >&5
configure:15467: $? = 0
configure:15467: result: yes
configure:15474: checking for gcc options needed to detect all undeclared functions
configure:15496: gcc -c      conftest.c >&5
conftest.c: In function 'main':
conftest.c:52:8: error: 'strchr' undeclared (first use in this function)
   52 | (void) strchr;
      |        ^~~~~~
conftest.c:1:1: note: 'strchr' is defined in header '<string.h>'; did you forget to '#include <string.h>'?
    1 | /* confdefs.h */
conftest.c:52:8: note: each undeclared identifier is reported only once for each function it appears in
   52 | (void) strchr;
      |        ^~~~~~
configure:15496: $? = 1
configure: failed program was:
| /* confdefs.h */
| #define PACKAGE_NAME "wolfssl"
| #define PACKAGE_TARNAME "wolfssl"
| #define PACKAGE_VERSION "5.7.6"
| #define PACKAGE_STRING "wolfssl 5.7.6"
| #define PACKAGE_BUGREPORT "https://github.com/wolfssl/wolfssl/issues"
| #define PACKAGE_URL "https://www.wolfssl.com"
| #define HAVE_STDIO_H 1
| #define HAVE_STDLIB_H 1
| #define HAVE_STRING_H 1
| #define HAVE_INTTYPES_H 1
| #define HAVE_STDINT_H 1
| #define HAVE_STRINGS_H 1
| #define HAVE_SYS_STAT_H 1
| #define HAVE_SYS_TYPES_H 1
| #define HAVE_UNISTD_H 1
| #define STDC_HEADERS 1
| #define HAVE_DLFCN_H 1
| #define LT_OBJDIR ".libs/"
| #define HAVE_VISIBILITY 1
| #define SIZEOF_LONG_LONG 8
| #define SIZEOF_LONG 8
| #define SIZEOF_TIME_T 8
| #define HAVE___UINT128_T 1
| #define HAVE_ARPA_INET_H 1
| #define HAVE_FCNTL_H 1
| #define HAVE_LIMITS_H 1
| #define HAVE_NETDB_H 1
| #define HAVE_NETINET_IN_H 1
| #define HAVE_STDDEF_H 1
| #define HAVE_TIME_H 1
| #define HAVE_SYS_IOCTL_H 1
| #define HAVE_SYS_SOCKET_H 1
| #define HAVE_SYS_TIME_H 1
| #define HAVE_ERRNO_H 1
| #define HAVE_SYS_UN_H 1
| #define HAVE_C___ATOMIC 1
| #define HAVE_GETHOSTBYNAME 1
| #define HAVE_GETADDRINFO 1
| #define HAVE_GETTIMEOFDAY 1
| #define HAVE_GMTIME_R 1
| #define HAVE_INET_NTOA 1
| #define HAVE_MEMSET 1
| #define HAVE_SOCKET 1
| #define HAVE_STRFTIME 1
| #define HAVE_ATEXIT 1
| /* end confdefs.h.  */
| 
| int
| main (void)
| {
| (void) strchr;
|   ;
|   return 0;
| }
configure:15523: gcc -c      conftest.c >&5
configure:15523: $? = 0
configure:15540: result: none needed
configure:15554: checking whether gethostbyname is declared
configure:15554: gcc -c      conftest.c >&5
configure:15554: $? = 0
configure:15554: result: yes
configure:15600: checking whether getaddrinfo is declared
configure:15600: gcc -c      conftest.c >&5
configure:15600: $? = 0
configure:15600: result: yes
configure:15646: checking whether gettimeofday is declared
configure:15646: gcc -c      conftest.c >&5
configure:15646: $? = 0
configure:15646: result: yes
configure:15692: checking whether gmtime_r is declared
configure:15692: gcc -c      conftest.c >&5
configure:15692: $? = 0
configure:15692: result: yes
configure:15738: checking whether gmtime_s is declared
configure:15738: gcc -c      conftest.c >&5
conftest.c: In function 'main':
conftest.c:83:10: error: 'gmtime_s' undeclared (first use in this function); did you mean 'gmtime_r'?
   83 |   (void) gmtime_s;
      |          ^~~~~~~~
      |          gmtime_r
conftest.c:83:10: note: each undeclared identifier is reported only once for each function it appears in
configure:15738: $? = 1
configure: failed program was:
| /* confdefs.h */
| #define PACKAGE_NAME "wolfssl"
| #define PACKAGE_TARNAME "wolfssl"
| #define PACKAGE_VERSION "5.7.6"
| #define PACKAGE_STRING "wolfssl 5.7.6"
| #define PACKAGE_BUGREPORT "https://github.com/wolfssl/wolfssl/issues"
| #define PACKAGE_URL "https://www.wolfssl.com"
| #define HAVE_STDIO_H 1
| #define HAVE_STDLIB_H 1
| #define HAVE_STRING_H 1
| #define HAVE_INTTYPES_H 1
| #define HAVE_STDINT_H 1
| #define HAVE_STRINGS_H 1
| #define HAVE_SYS_STAT_H 1
| #define HAVE_SYS_TYPES_H 1
| #define HAVE_UNISTD_H 1
| #define STDC_HEADERS 1
| #define HAVE_DLFCN_H 1
| #define LT_OBJDIR ".libs/"
| #define HAVE_VISIBILITY 1
| #define SIZEOF_LONG_LONG 8
| #define SIZEOF_LONG 8
| #define SIZEOF_TIME_T 8
| #define HAVE___UINT128_T 1
| #define HAVE_ARPA_INET_H 1
| #define HAVE_FCNTL_H 1
| #define HAVE_LIMITS_H 1
| #define HAVE_NETDB_H 1
| #define HAVE_NETINET_IN_H 1
| #define HAVE_STDDEF_H 1
| #define HAVE_TIME_H 1
| #define HAVE_SYS_IOCTL_H 1
| #define HAVE_SYS_SOCKET_H 1
| #define HAVE_SYS_TIME_H 1
| #define HAVE_ERRNO_H 1
| #define HAVE_SYS_UN_H 1
| #define HAVE_C___ATOMIC 1
| #define HAVE_GETHOSTBYNAME 1
| #define HAVE_GETADDRINFO 1
| #define HAVE_GETTIMEOFDAY 1
| #define HAVE_GMTIME_R 1
| #define HAVE_INET_NTOA 1
| #define HAVE_MEMSET 1
| #define HAVE_SOCKET 1
| #define HAVE_STRFTIME 1
| #define HAVE_ATEXIT 1
| #define HAVE_DECL_GETHOSTBYNAME 1
| #define HAVE_DECL_GETADDRINFO 1
| #define HAVE_DECL_GETTIMEOFDAY 1
| #define HAVE_DECL_GMTIME_R 1
| /* end confdefs.h.  */
| 
| #ifdef HAVE_SYS_SOCKET_H
|     #include <sys/socket.h>
| #endif
| #ifdef HAVE_STRING_H
|     #include <string.h>
| #endif
| #ifdef HAVE_NETDB_H
|     #include <netdb.h>
| #endif
| #ifdef HAVE_ARPA_INET_H
|     #include <arpa/inet.h>
| #endif
| #ifdef HAVE_SYS_TIME_H
|     #include <sys/time.h>
| #endif
| #ifdef HAVE_TIME_H
|     #include <time.h>
| #endif
| #ifdef HAVE_STDLIB_H
|     #include <stdlib.h>
| #endif
| 
| 
| int
| main (void)
| {
| #ifndef gmtime_s
| #ifdef __cplusplus
|   (void) gmtime_s;
| #else
|   (void) gmtime_s;
| #endif
| #endif
| 
|   ;
|   return 0;
| }
configure:15738: result: no
configure:15784: checking whether inet_ntoa is declared
configure:15784: gcc -c      conftest.c >&5
configure:15784: $? = 0
configure:15784: result: yes
configure:15830: checking whether memset is declared
configure:15830: gcc -c      conftest.c >&5
configure:15830: $? = 0
configure:15830: result: yes
configure:15876: checking whether socket is declared
configure:15876: gcc -c      conftest.c >&5
configure:15876: $? = 0
configure:15876: result: yes
configure:15922: checking whether strftime is declared
configure:15922: gcc -c      conftest.c >&5
configure:15922: $? = 0
configure:15922: result: yes
configure:15968: checking whether atexit is declared
configure:15968: gcc -c      conftest.c >&5
configure:15968: $? = 0
configure:15968: result: yes
configure:16017: checking for size_t
configure:16017: gcc -c     conftest.c >&5
configure:16017: $? = 0
configure:16017: gcc -c     conftest.c >&5
conftest.c: In function 'main':
conftest.c:89:21: error: expected expression before ')' token
   89 | if (sizeof ((size_t)))
      |                     ^
configure:16017: $? = 1
configure: failed program was:
| /* confdefs.h */
| #define PACKAGE_NAME "wolfssl"
| #define PACKAGE_TARNAME "wolfssl"
| #define PACKAGE_VERSION "5.7.6"
| #define PACKAGE_STRING "wolfssl 5.7.6"
| #define PACKAGE_BUGREPORT "https://github.com/wolfssl/wolfssl/issues"
| #define PACKAGE_URL "https://www.wolfssl.com"
| #define HAVE_STDIO_H 1
| #define HAVE_STDLIB_H 1
| #define HAVE_STRING_H 1
| #define HAVE_INTTYPES_H 1
| #define HAVE_STDINT_H 1
| #define HAVE_STRINGS_H 1
| #define HAVE_SYS_STAT_H 1
| #define HAVE_SYS_TYPES_H 1
| #define HAVE_UNISTD_H 1
| #define STDC_HEADERS 1
| #define HAVE_DLFCN_H 1
| #define LT_OBJDIR ".libs/"
| #define HAVE_VISIBILITY 1
| #define SIZEOF_LONG_LONG 8
| #define SIZEOF_LONG 8
| #define SIZEOF_TIME_T 8
| #define HAVE___UINT128_T 1
| #define HAVE_ARPA_INET_H 1
| #define HAVE_FCNTL_H 1
| #define HAVE_LIMITS_H 1
| #define HAVE_NETDB_H 1
| #define HAVE_NETINET_IN_H 1
| #define HAVE_STDDEF_H 1
| #define HAVE_TIME_H 1
| #define HAVE_SYS_IOCTL_H 1
| #define HAVE_SYS_SOCKET_H 1
| #define HAVE_SYS_TIME_H 1
| #define HAVE_ERRNO_H 1
| #define HAVE_SYS_UN_H 1
| #define HAVE_C___ATOMIC 1
| #define HAVE_GETHOSTBYNAME 1
| #define HAVE_GETADDRINFO 1
| #define HAVE_GETTIMEOFDAY 1
| #define HAVE_GMTIME_R 1
| #define HAVE_INET_NTOA 1
| #define HAVE_MEMSET 1
| #define HAVE_SOCKET 1
| #define HAVE_STRFTIME 1
| #define HAVE_ATEXIT 1
| #define HAVE_DECL_GETHOSTBYNAME 1
| #define HAVE_DECL_GETADDRINFO 1
| #define HAVE_DECL_GETTIMEOFDAY 1
| #define HAVE_DECL_GMTIME_R 1
| #define HAVE_DECL_GMTIME_S 0
| #define HAVE_DECL_INET_NTOA 1
| #define HAVE_DECL_MEMSET 1
| #define HAVE_DECL_SOCKET 1
| #define HAVE_DECL_STRFTIME 1
| #define HAVE_DECL_ATEXIT 1
| /* end confdefs.h.  */
| #include <stddef.h>
| #ifdef HAVE_STDIO_H
| # include <stdio.h>
| #endif
| #ifdef HAVE_STDLIB_H
| # include <stdlib.h>
| #endif
| #ifdef HAVE_STRING_H
| # include <string.h>
| #endif
| #ifdef HAVE_INTTYPES_H
| # include <inttypes.h>
| #endif
| #ifdef HAVE_STDINT_H
| # include <stdint.h>
| #endif
| #ifdef HAVE_STRINGS_H
| # include <strings.h>
| #endif
| #ifdef HAVE_SYS_TYPES_H
| # include <sys/types.h>
| #endif
| #ifdef HAVE_SYS_STAT_H
| # include <sys/stat.h>
| #endif
| #ifdef HAVE_UNISTD_H
| # include <unistd.h>
| #endif
| int
| main (void)
| {
| if (sizeof ((size_t)))
| 	    return 0;
|   ;
|   return 0;
| }
configure:16017: result: yes
configure:16027: checking for uint8_t
configure:16027: gcc -c     conftest.c >&5
configure:16027: $? = 0
configure:16027: result: yes
configure:16040: checking for uintptr_t
configure:16040: gcc -c     conftest.c >&5
configure:16040: $? = 0
configure:16040: gcc -c     conftest.c >&5
conftest.c: In function 'main':
conftest.c:89:24: error: expected expression before ')' token
   89 | if (sizeof ((uintptr_t)))
      |                        ^
configure:16040: $? = 1
configure: failed program was:
| /* confdefs.h */
| #define PACKAGE_NAME "wolfssl"
| #define PACKAGE_TARNAME "wolfssl"
| #define PACKAGE_VERSION "5.7.6"
| #define PACKAGE_STRING "wolfssl 5.7.6"
| #define PACKAGE_BUGREPORT "https://github.com/wolfssl/wolfssl/issues"
| #define PACKAGE_URL "https://www.wolfssl.com"
| #define HAVE_STDIO_H 1
| #define HAVE_STDLIB_H 1
| #define HAVE_STRING_H 1
| #define HAVE_INTTYPES_H 1
| #define HAVE_STDINT_H 1
| #define HAVE_STRINGS_H 1
| #define HAVE_SYS_STAT_H 1
| #define HAVE_SYS_TYPES_H 1
| #define HAVE_UNISTD_H 1
| #define STDC_HEADERS 1
| #define HAVE_DLFCN_H 1
| #define LT_OBJDIR ".libs/"
| #define HAVE_VISIBILITY 1
| #define SIZEOF_LONG_LONG 8
| #define SIZEOF_LONG 8
| #define SIZEOF_TIME_T 8
| #define HAVE___UINT128_T 1
| #define HAVE_ARPA_INET_H 1
| #define HAVE_FCNTL_H 1
| #define HAVE_LIMITS_H 1
| #define HAVE_NETDB_H 1
| #define HAVE_NETINET_IN_H 1
| #define HAVE_STDDEF_H 1
| #define HAVE_TIME_H 1
| #define HAVE_SYS_IOCTL_H 1
| #define HAVE_SYS_SOCKET_H 1
| #define HAVE_SYS_TIME_H 1
| #define HAVE_ERRNO_H 1
| #define HAVE_SYS_UN_H 1
| #define HAVE_C___ATOMIC 1
| #define HAVE_GETHOSTBYNAME 1
| #define HAVE_GETADDRINFO 1
| #define HAVE_GETTIMEOFDAY 1
| #define HAVE_GMTIME_R 1
| #define HAVE_INET_NTOA 1
| #define HAVE_MEMSET 1
| #define HAVE_SOCKET 1
| #define HAVE_STRFTIME 1
| #define HAVE_ATEXIT 1
| #define HAVE_DECL_GETHOSTBYNAME 1
| #define HAVE_DECL_GETADDRINFO 1
| #define HAVE_DECL_GETTIMEOFDAY 1
| #define HAVE_DECL_GMTIME_R 1
| #define HAVE_DECL_GMTIME_S 0
| #define HAVE_DECL_INET_NTOA 1
| #define HAVE_DECL_MEMSET 1
| #define HAVE_DECL_SOCKET 1
| #define HAVE_DECL_STRFTIME 1
| #define HAVE_DECL_ATEXIT 1
| /* end confdefs.h.  */
| #include <stddef.h>
| #ifdef HAVE_STDIO_H
| # include <stdio.h>
| #endif
| #ifdef HAVE_STDLIB_H
| # include <stdlib.h>
| #endif
| #ifdef HAVE_STRING_H
| # include <string.h>
| #endif
| #ifdef HAVE_INTTYPES_H
| # include <inttypes.h>
| #endif
| #ifdef HAVE_STDINT_H
| # include <stdint.h>
| #endif
| #ifdef HAVE_STRINGS_H
| # include <strings.h>
| #endif
| #ifdef HAVE_SYS_TYPES_H
| # include <sys/types.h>
| #endif
| #ifdef HAVE_SYS_STAT_H
| # include <sys/stat.h>
| #endif
| #ifdef HAVE_UNISTD_H
| # include <unistd.h>
| #endif
| int
| main (void)
| {
| if (sizeof ((uintptr_t)))
| 	    return 0;
|   ;
|   return 0;
| }
configure:16040: result: yes
configure:16085: checking dependency style of gcc
configure:16195: result: gcc3
configure:16238: checking for thread local storage (TLS) class
configure:16261: gcc -c     conftest.c >&5
conftest.c: In function 'main':
conftest.c:63:21: error: expected ';' before 'int'
   63 | static  thread_local  int bar;
      |                     ^ ~~~
      |                     ;
configure:16261: $? = 1
configure: failed program was:
| /* confdefs.h */
| #define PACKAGE_NAME "wolfssl"
| #define PACKAGE_TARNAME "wolfssl"
| #define PACKAGE_VERSION "5.7.6"
| #define PACKAGE_STRING "wolfssl 5.7.6"
| #define PACKAGE_BUGREPORT "https://github.com/wolfssl/wolfssl/issues"
| #define PACKAGE_URL "https://www.wolfssl.com"
| #define HAVE_STDIO_H 1
| #define HAVE_STDLIB_H 1
| #define HAVE_STRING_H 1
| #define HAVE_INTTYPES_H 1
| #define HAVE_STDINT_H 1
| #define HAVE_STRINGS_H 1
| #define HAVE_SYS_STAT_H 1
| #define HAVE_SYS_TYPES_H 1
| #define HAVE_UNISTD_H 1
| #define STDC_HEADERS 1
| #define HAVE_DLFCN_H 1
| #define LT_OBJDIR ".libs/"
| #define HAVE_VISIBILITY 1
| #define SIZEOF_LONG_LONG 8
| #define SIZEOF_LONG 8
| #define SIZEOF_TIME_T 8
| #define HAVE___UINT128_T 1
| #define HAVE_ARPA_INET_H 1
| #define HAVE_FCNTL_H 1
| #define HAVE_LIMITS_H 1
| #define HAVE_NETDB_H 1
| #define HAVE_NETINET_IN_H 1
| #define HAVE_STDDEF_H 1
| #define HAVE_TIME_H 1
| #define HAVE_SYS_IOCTL_H 1
| #define HAVE_SYS_SOCKET_H 1
| #define HAVE_SYS_TIME_H 1
| #define HAVE_ERRNO_H 1
| #define HAVE_SYS_UN_H 1
| #define HAVE_C___ATOMIC 1
| #define HAVE_GETHOSTBYNAME 1
| #define HAVE_GETADDRINFO 1
| #define HAVE_GETTIMEOFDAY 1
| #define HAVE_GMTIME_R 1
| #define HAVE_INET_NTOA 1
| #define HAVE_MEMSET 1
| #define HAVE_SOCKET 1
| #define HAVE_STRFTIME 1
| #define HAVE_ATEXIT 1
| #define HAVE_DECL_GETHOSTBYNAME 1
| #define HAVE_DECL_GETADDRINFO 1
| #define HAVE_DECL_GETTIMEOFDAY 1
| #define HAVE_DECL_GMTIME_R 1
| #define HAVE_DECL_GMTIME_S 0
| #define HAVE_DECL_INET_NTOA 1
| #define HAVE_DECL_MEMSET 1
| #define HAVE_DECL_SOCKET 1
| #define HAVE_DECL_STRFTIME 1
| #define HAVE_DECL_ATEXIT 1
| #define HAVE_UINTPTR_T 1
| /* end confdefs.h.  */
| #include <stdlib.h>
| int
| main (void)
| {
| static  thread_local  int bar;
| 
|   ;
|   return 0;
| }
configure:16261: gcc -c     conftest.c >&5
configure:16261: $? = 0
configure:16275: result: _Thread_local
configure:16317: checking for debug
configure:16319: result: no
configure:18305: checking how to run the C preprocessor
configure:18331: gcc -E  conftest.c
configure:18331: $? = 0
configure:18346: gcc -E  conftest.c
conftest.c:61:10: fatal error: ac_nonexistent.h: No such file or directory
   61 | #include <ac_nonexistent.h>
      |          ^~~~~~~~~~~~~~~~~~
compilation terminated.
configure:18346: $? = 1
configure: failed program was:
| /* confdefs.h */
| #define PACKAGE_NAME "wolfssl"
| #define PACKAGE_TARNAME "wolfssl"
| #define PACKAGE_VERSION "5.7.6"
| #define PACKAGE_STRING "wolfssl 5.7.6"
| #define PACKAGE_BUGREPORT "https://github.com/wolfssl/wolfssl/issues"
| #define PACKAGE_URL "https://www.wolfssl.com"
| #define HAVE_STDIO_H 1
| #define HAVE_STDLIB_H 1
| #define HAVE_STRING_H 1
| #define HAVE_INTTYPES_H 1
| #define HAVE_STDINT_H 1
| #define HAVE_STRINGS_H 1
| #define HAVE_SYS_STAT_H 1
| #define HAVE_SYS_TYPES_H 1
| #define HAVE_UNISTD_H 1
| #define STDC_HEADERS 1
| #define HAVE_DLFCN_H 1
| #define LT_OBJDIR ".libs/"
| #define HAVE_VISIBILITY 1
| #define SIZEOF_LONG_LONG 8
| #define SIZEOF_LONG 8
| #define SIZEOF_TIME_T 8
| #define HAVE___UINT128_T 1
| #define HAVE_ARPA_INET_H 1
| #define HAVE_FCNTL_H 1
| #define HAVE_LIMITS_H 1
| #define HAVE_NETDB_H 1
| #define HAVE_NETINET_IN_H 1
| #define HAVE_STDDEF_H 1
| #define HAVE_TIME_H 1
| #define HAVE_SYS_IOCTL_H 1
| #define HAVE_SYS_SOCKET_H 1
| #define HAVE_SYS_TIME_H 1
| #define HAVE_ERRNO_H 1
| #define HAVE_SYS_UN_H 1
| #define HAVE_C___ATOMIC 1
| #define HAVE_GETHOSTBYNAME 1
| #define HAVE_GETADDRINFO 1
| #define HAVE_GETTIMEOFDAY 1
| #define HAVE_GMTIME_R 1
| #define HAVE_INET_NTOA 1
| #define HAVE_MEMSET 1
| #define HAVE_SOCKET 1
| #define HAVE_STRFTIME 1
| #define HAVE_ATEXIT 1
| #define HAVE_DECL_GETHOSTBYNAME 1
| #define HAVE_DECL_GETADDRINFO 1
| #define HAVE_DECL_GETTIMEOFDAY 1
| #define HAVE_DECL_GMTIME_R 1
| #define HAVE_DECL_GMTIME_S 0
| #define HAVE_DECL_INET_NTOA 1
| #define HAVE_DECL_MEMSET 1
| #define HAVE_DECL_SOCKET 1
| #define HAVE_DECL_STRFTIME 1
| #define HAVE_DECL_ATEXIT 1
| #define HAVE_UINTPTR_T 1
| #define TLS _Thread_local
| #define DEBUG 0
| /* end confdefs.h.  */
| #include <ac_nonexistent.h>
configure:18373: result: gcc -E
configure:18387: gcc -E  conftest.c
configure:18387: $? = 0
configure:18402: gcc -E  conftest.c
conftest.c:61:10: fatal error: ac_nonexistent.h: No such file or directory
   61 | #include <ac_nonexistent.h>
      |          ^~~~~~~~~~~~~~~~~~
compilation terminated.
configure:18402: $? = 1
configure: failed program was:
| /* confdefs.h */
| #define PACKAGE_NAME "wolfssl"
| #define PACKAGE_TARNAME "wolfssl"
| #define PACKAGE_VERSION "5.7.6"
| #define PACKAGE_STRING "wolfssl 5.7.6"
| #define PACKAGE_BUGREPORT "https://github.com/wolfssl/wolfssl/issues"
| #define PACKAGE_URL "https://www.wolfssl.com"
| #define HAVE_STDIO_H 1
| #define HAVE_STDLIB_H 1
| #define HAVE_STRING_H 1
| #define HAVE_INTTYPES_H 1
| #define HAVE_STDINT_H 1
| #define HAVE_STRINGS_H 1
| #define HAVE_SYS_STAT_H 1
| #define HAVE_SYS_TYPES_H 1
| #define HAVE_UNISTD_H 1
| #define STDC_HEADERS 1
| #define HAVE_DLFCN_H 1
| #define LT_OBJDIR ".libs/"
| #define HAVE_VISIBILITY 1
| #define SIZEOF_LONG_LONG 8
| #define SIZEOF_LONG 8
| #define SIZEOF_TIME_T 8
| #define HAVE___UINT128_T 1
| #define HAVE_ARPA_INET_H 1
| #define HAVE_FCNTL_H 1
| #define HAVE_LIMITS_H 1
| #define HAVE_NETDB_H 1
| #define HAVE_NETINET_IN_H 1
| #define HAVE_STDDEF_H 1
| #define HAVE_TIME_H 1
| #define HAVE_SYS_IOCTL_H 1
| #define HAVE_SYS_SOCKET_H 1
| #define HAVE_SYS_TIME_H 1
| #define HAVE_ERRNO_H 1
| #define HAVE_SYS_UN_H 1
| #define HAVE_C___ATOMIC 1
| #define HAVE_GETHOSTBYNAME 1
| #define HAVE_GETADDRINFO 1
| #define HAVE_GETTIMEOFDAY 1
| #define HAVE_GMTIME_R 1
| #define HAVE_INET_NTOA 1
| #define HAVE_MEMSET 1
| #define HAVE_SOCKET 1
| #define HAVE_STRFTIME 1
| #define HAVE_ATEXIT 1
| #define HAVE_DECL_GETHOSTBYNAME 1
| #define HAVE_DECL_GETADDRINFO 1
| #define HAVE_DECL_GETTIMEOFDAY 1
| #define HAVE_DECL_GMTIME_R 1
| #define HAVE_DECL_GMTIME_S 0
| #define HAVE_DECL_INET_NTOA 1
| #define HAVE_DECL_MEMSET 1
| #define HAVE_DECL_SOCKET 1
| #define HAVE_DECL_STRFTIME 1
| #define HAVE_DECL_ATEXIT 1
| #define HAVE_UINTPTR_T 1
| #define TLS _Thread_local
| #define DEBUG 0
| /* end confdefs.h.  */
| #include <ac_nonexistent.h>
configure:18596: checking whether gcc is Clang
configure:18623: result: no
configure:18688: checking whether pthreads work with "-pthread" and "-lpthread"
configure:18799: gcc -o conftest    -pthread   conftest.c -lpthread  >&5
configure:18799: $? = 0
configure:18809: result: yes
configure:18932: checking for joinable pthread attribute
configure:18951: gcc -o conftest    -pthread   conftest.c -lpthread  >&5
configure:18951: $? = 0
configure:18960: result: PTHREAD_CREATE_JOINABLE
configure:18973: checking whether more special flags are required for pthreads
configure:18987: result: no
configure:18996: checking for PTHREAD_PRIO_INHERIT
configure:19014: gcc -o conftest    -pthread   conftest.c -lpthread  >&5
configure:19014: $? = 0
configure:19024: result: yes
configure:25068: checking for openssl
configure:25089: found /usr/bin/openssl
configure:25101: result: yes
configure:30385: checking for cos in -lm
configure:30408: gcc -o conftest      conftest.c -lm   -lpthread >&5
conftest.c:67:6: warning: conflicting types for built-in function 'cos'; expected 'double(double)' [-Wbuiltin-declaration-mismatch]
   67 | char cos ();
      |      ^~~
conftest.c:1:1: note: 'cos' is declared in header '<math.h>'
    1 | /* confdefs.h */
configure:30408: $? = 0
configure:30418: result: yes
configure:30511: checking for library containing gethostbyname
configure:30541: gcc -o conftest      conftest.c  -lpthread >&5
configure:30541: $? = 0
configure:30561: result: none required
configure:30570: checking for library containing socket
configure:30600: gcc -o conftest      conftest.c  -lpthread >&5
configure:30600: $? = 0
configure:30620: result: none required
configure:30672: checking for vcs system
configure:30697: result: none
configure:30704: checking for vcs checkout
configure:30718: result: no
configure:30795: checking whether the linker accepts -Werror
configure:30815: gcc -o conftest       -Werror conftest.c  -lpthread >&5
configure:30815: $? = 0
configure:30825: result: yes
configure:30840: checking whether the linker accepts -z relro -z now
configure:30860: gcc -o conftest      -Werror -z relro -z now conftest.c  -lpthread >&5
configure:30860: $? = 0
configure:30871: result: yes
configure:30884: checking whether the linker accepts -pie
configure:30904: gcc -o conftest      -Werror -pie conftest.c  -lpthread >&5
configure:30904: $? = 0
configure:30915: result: yes
configure:31035: checking whether C compiler accepts -Werror
configure:31055: gcc -c     -Werror  conftest.c >&5
configure:31055: $? = 0
configure:31065: result: yes
configure:31083: : ax_append_compile_cflags_extra="$ax_append_compile_cflags_extra"
configure:31086: $? = 0
configure:31360: checking whether C compiler accepts -Wno-pragmas
configure:31380: gcc -c     -Werror -Wno-pragmas  conftest.c >&5
configure:31380: $? = 0
configure:31390: result: yes
configure:31408: : CFLAGS="$CFLAGS"
configure:31411: $? = 0
configure:31440: checking whether C compiler accepts -Wall
configure:31460: gcc -c    -Wno-pragmas  -Werror -Wall  conftest.c >&5
configure:31460: $? = 0
configure:31470: result: yes
configure:31488: : CFLAGS="$CFLAGS"
configure:31491: $? = 0
configure:31519: checking whether C compiler accepts -Wextra
configure:31539: gcc -c    -Wno-pragmas -Wall  -Werror -Wextra  conftest.c >&5
configure:31539: $? = 0
configure:31549: result: yes
configure:31567: : CFLAGS="$CFLAGS"
configure:31570: $? = 0
configure:31598: checking whether C compiler accepts -Wunknown-pragmas
configure:31618: gcc -c    -Wno-pragmas -Wall -Wextra  -Werror -Wunknown-pragmas  conftest.c >&5
configure:31618: $? = 0
configure:31628: result: yes
configure:31646: : CFLAGS="$CFLAGS"
configure:31649: $? = 0
configure:31677: checking whether C compiler accepts -Wthis-test-should-fail
configure:31697: gcc -c    -Wno-pragmas -Wall -Wextra -Wunknown-pragmas  -Werror -Wthis-test-should-fail  conftest.c >&5
gcc: error: unrecognized command-line option '-Wthis-test-should-fail'
configure:31697: $? = 1
configure: failed program was:
| /* confdefs.h */
| #define PACKAGE_NAME "wolfssl"
| #define PACKAGE_TARNAME "wolfssl"
| #define PACKAGE_VERSION "5.7.6"
| #define PACKAGE_STRING "wolfssl 5.7.6"
| #define PACKAGE_BUGREPORT "https://github.com/wolfssl/wolfssl/issues"
| #define PACKAGE_URL "https://www.wolfssl.com"
| #define HAVE_STDIO_H 1
| #define HAVE_STDLIB_H 1
| #define HAVE_STRING_H 1
| #define HAVE_INTTYPES_H 1
| #define HAVE_STDINT_H 1
| #define HAVE_STRINGS_H 1
| #define HAVE_SYS_STAT_H 1
| #define HAVE_SYS_TYPES_H 1
| #define HAVE_UNISTD_H 1
| #define STDC_HEADERS 1
| #define HAVE_DLFCN_H 1
| #define LT_OBJDIR ".libs/"
| #define HAVE_VISIBILITY 1
| #define SIZEOF_LONG_LONG 8
| #define SIZEOF_LONG 8
| #define SIZEOF_TIME_T 8
| #define HAVE___UINT128_T 1
| #define HAVE_ARPA_INET_H 1
| #define HAVE_FCNTL_H 1
| #define HAVE_LIMITS_H 1
| #define HAVE_NETDB_H 1
| #define HAVE_NETINET_IN_H 1
| #define HAVE_STDDEF_H 1
| #define HAVE_TIME_H 1
| #define HAVE_SYS_IOCTL_H 1
| #define HAVE_SYS_SOCKET_H 1
| #define HAVE_SYS_TIME_H 1
| #define HAVE_ERRNO_H 1
| #define HAVE_SYS_UN_H 1
| #define HAVE_C___ATOMIC 1
| #define HAVE_GETHOSTBYNAME 1
| #define HAVE_GETADDRINFO 1
| #define HAVE_GETTIMEOFDAY 1
| #define HAVE_GMTIME_R 1
| #define HAVE_INET_NTOA 1
| #define HAVE_MEMSET 1
| #define HAVE_SOCKET 1
| #define HAVE_STRFTIME 1
| #define HAVE_ATEXIT 1
| #define HAVE_DECL_GETHOSTBYNAME 1
| #define HAVE_DECL_GETADDRINFO 1
| #define HAVE_DECL_GETTIMEOFDAY 1
| #define HAVE_DECL_GMTIME_R 1
| #define HAVE_DECL_GMTIME_S 0
| #define HAVE_DECL_INET_NTOA 1
| #define HAVE_DECL_MEMSET 1
| #define HAVE_DECL_SOCKET 1
| #define HAVE_DECL_STRFTIME 1
| #define HAVE_DECL_ATEXIT 1
| #define HAVE_UINTPTR_T 1
| #define TLS _Thread_local
| #define DEBUG 0
| #define HAVE_PTHREAD_PRIO_INHERIT 1
| #define HAVE_PTHREAD 1
| #define VCS_SYSTEM "none"
| #define VCS_CHECKOUT 0
| /* end confdefs.h.  */
| 
| int
| main (void)
| {
| 
|   ;
|   return 0;
| }
configure:31707: result: no
configure:31761: checking whether C compiler accepts --param=ssp-buffer-size=1
configure:31781: gcc -c    -Wno-pragmas -Wall -Wextra -Wunknown-pragmas  -Werror --param=ssp-buffer-size=1  conftest.c >&5
configure:31781: $? = 0
configure:31791: result: yes
configure:31809: : CFLAGS="$CFLAGS"
configure:31812: $? = 0
configure:31842: checking whether C compiler accepts -Waddress
configure:31862: gcc -c    -Wno-pragmas -Wall -Wextra -Wunknown-pragmas --param=ssp-buffer-size=1  -Werror -Waddress  conftest.c >&5
configure:31862: $? = 0
configure:31872: result: yes
configure:31890: : CFLAGS="$CFLAGS"
configure:31893: $? = 0
configure:31921: checking whether C compiler accepts -Warray-bounds
configure:31941: gcc -c    -Wno-pragmas -Wall -Wextra -Wunknown-pragmas --param=ssp-buffer-size=1 -Waddress  -Werror -Warray-bounds  conftest.c >&5
configure:31941: $? = 0
configure:31951: result: yes
configure:31969: : CFLAGS="$CFLAGS"
configure:31972: $? = 0
configure:32000: checking whether C compiler accepts -Wbad-function-cast
configure:32020: gcc -c    -Wno-pragmas -Wall -Wextra -Wunknown-pragmas --param=ssp-buffer-size=1 -Waddress -Warray-bounds  -Werror -Wbad-function-cast  conftest.c >&5
configure:32020: $? = 0
configure:32030: result: yes
configure:32048: : CFLAGS="$CFLAGS"
configure:32051: $? = 0
configure:32079: checking whether C compiler accepts -Wchar-subscripts
configure:32099: gcc -c    -Wno-pragmas -Wall -Wextra -Wunknown-pragmas --param=ssp-buffer-size=1 -Waddress -Warray-bounds -Wbad-function-cast  -Werror -Wchar-subscripts  conftest.c >&5
configure:32099: $? = 0
configure:32109: result: yes
configure:32127: : CFLAGS="$CFLAGS"
configure:32130: $? = 0
configure:32158: checking whether C compiler accepts -Wcomment
configure:32178: gcc -c    -Wno-pragmas -Wall -Wextra -Wunknown-pragmas --param=ssp-buffer-size=1 -Waddress -Warray-bounds -Wbad-function-cast -Wchar-subscripts  -Werror -Wcomment  conftest.c >&5
configure:32178: $? = 0
configure:32188: result: yes
configure:32206: : CFLAGS="$CFLAGS"
configure:32209: $? = 0
configure:32237: checking whether C compiler accepts -Wfloat-equal
configure:32257: gcc -c    -Wno-pragmas -Wall -Wextra -Wunknown-pragmas --param=ssp-buffer-size=1 -Waddress -Warray-bounds -Wbad-function-cast -Wchar-subscripts -Wcomment  -Werror -Wfloat-equal  conftest.c >&5
configure:32257: $? = 0
configure:32267: result: yes
configure:32285: : CFLAGS="$CFLAGS"
configure:32288: $? = 0
configure:32316: checking whether C compiler accepts -Wformat-security
configure:32336: gcc -c    -Wno-pragmas -Wall -Wextra -Wunknown-pragmas --param=ssp-buffer-size=1 -Waddress -Warray-bounds -Wbad-function-cast -Wchar-subscripts -Wcomment -Wfloat-equal  -Werror -Wformat-security  conftest.c >&5
configure:32336: $? = 0
configure:32346: result: yes
configure:32364: : CFLAGS="$CFLAGS"
configure:32367: $? = 0
configure:32395: checking whether C compiler accepts -Wformat=2
configure:32415: gcc -c    -Wno-pragmas -Wall -Wextra -Wunknown-pragmas --param=ssp-buffer-size=1 -Waddress -Warray-bounds -Wbad-function-cast -Wchar-subscripts -Wcomment -Wfloat-equal -Wformat-security  -Werror -Wformat=2  conftest.c >&5
configure:32415: $? = 0
configure:32425: result: yes
configure:32443: : CFLAGS="$CFLAGS"
configure:32446: $? = 0
configure:32474: checking whether C compiler accepts -Wmaybe-uninitialized
configure:32494: gcc -c    -Wno-pragmas -Wall -Wextra -Wunknown-pragmas --param=ssp-buffer-size=1 -Waddress -Warray-bounds -Wbad-function-cast -Wchar-subscripts -Wcomment -Wfloat-equal -Wformat-security -Wformat=2  -Werror -Wmaybe-uninitialized  conftest.c >&5
configure:32494: $? = 0
configure:32504: result: yes
configure:32522: : CFLAGS="$CFLAGS"
configure:32525: $? = 0
configure:32553: checking whether C compiler accepts -Wmissing-field-initializers
configure:32573: gcc -c    -Wno-pragmas -Wall -Wextra -Wunknown-pragmas --param=ssp-buffer-size=1 -Waddress -Warray-bounds -Wbad-function-cast -Wchar-subscripts -Wcomment -Wfloat-equal -Wformat-security -Wformat=2 -Wmaybe-uninitialized  -Werror -Wmissing-field-initializers  conftest.c >&5
configure:32573: $? = 0
configure:32583: result: yes
configure:32601: : CFLAGS="$CFLAGS"
configure:32604: $? = 0
configure:32632: checking whether C compiler accepts -Wmissing-noreturn
configure:32652: gcc -c    -Wno-pragmas -Wall -Wextra -Wunknown-pragmas --param=ssp-buffer-size=1 -Waddress -Warray-bounds -Wbad-function-cast -Wchar-subscripts -Wcomment -Wfloat-equal -Wformat-security -Wformat=2 -Wmaybe-uninitialized -Wmissing-field-initializers  -Werror -Wmissing-noreturn  conftest.c >&5
configure:32652: $? = 0
configure:32662: result: yes
configure:32680: : CFLAGS="$CFLAGS"
configure:32683: $? = 0
configure:32711: checking whether C compiler accepts -Wmissing-prototypes
configure:32731: gcc -c    -Wno-pragmas -Wall -Wextra -Wunknown-pragmas --param=ssp-buffer-size=1 -Waddress -Warray-bounds -Wbad-function-cast -Wchar-subscripts -Wcomment -Wfloat-equal -Wformat-security -Wformat=2 -Wmaybe-uninitialized -Wmissing-field-initializers -Wmissing-noreturn  -Werror -Wmissing-prototypes  conftest.c >&5
configure:32731: $? = 0
configure:32741: result: yes
configure:32759: : CFLAGS="$CFLAGS"
configure:32762: $? = 0
configure:32790: checking whether C compiler accepts -Wnested-externs
configure:32810: gcc -c    -Wno-pragmas -Wall -Wextra -Wunknown-pragmas --param=ssp-buffer-size=1 -Waddress -Warray-bounds -Wbad-function-cast -Wchar-subscripts -Wcomment -Wfloat-equal -Wformat-security -Wformat=2 -Wmaybe-uninitialized -Wmissing-field-initializers -Wmissing-noreturn -Wmissing-prototypes  -Werror -Wnested-externs  conftest.c >&5
configure:32810: $? = 0
configure:32820: result: yes
configure:32838: : CFLAGS="$CFLAGS"
configure:32841: $? = 0
configure:32869: checking whether C compiler accepts -Wnormalized=id
configure:32889: gcc -c    -Wno-pragmas -Wall -Wextra -Wunknown-pragmas --param=ssp-buffer-size=1 -Waddress -Warray-bounds -Wbad-function-cast -Wchar-subscripts -Wcomment -Wfloat-equal -Wformat-security -Wformat=2 -Wmaybe-uninitialized -Wmissing-field-initializers -Wmissing-noreturn -Wmissing-prototypes -Wnested-externs  -Werror -Wnormalized=id  conftest.c >&5
configure:32889: $? = 0
configure:32899: result: yes
configure:32917: : CFLAGS="$CFLAGS"
configure:32920: $? = 0
configure:32948: checking whether C compiler accepts -Woverride-init
configure:32968: gcc -c    -Wno-pragmas -Wall -Wextra -Wunknown-pragmas --param=ssp-buffer-size=1 -Waddress -Warray-bounds -Wbad-function-cast -Wchar-subscripts -Wcomment -Wfloat-equal -Wformat-security -Wformat=2 -Wmaybe-uninitialized -Wmissing-field-initializers -Wmissing-noreturn -Wmissing-prototypes -Wnested-externs -Wnormalized=id  -Werror -Woverride-init  conftest.c >&5
configure:32968: $? = 0
configure:32978: result: yes
configure:32996: : CFLAGS="$CFLAGS"
configure:32999: $? = 0
configure:33027: checking whether C compiler accepts -Wpointer-arith
configure:33047: gcc -c    -Wno-pragmas -Wall -Wextra -Wunknown-pragmas --param=ssp-buffer-size=1 -Waddress -Warray-bounds -Wbad-function-cast -Wchar-subscripts -Wcomment -Wfloat-equal -Wformat-security -Wformat=2 -Wmaybe-uninitialized -Wmissing-field-initializers -Wmissing-noreturn -Wmissing-prototypes -Wnested-externs -Wnormalized=id -Woverride-init  -Werror -Wpointer-arith  conftest.c >&5
configure:33047: $? = 0
configure:33057: result: yes
configure:33075: : CFLAGS="$CFLAGS"
configure:33078: $? = 0
configure:33106: checking whether C compiler accepts -Wpointer-sign
configure:33126: gcc -c    -Wno-pragmas -Wall -Wextra -Wunknown-pragmas --param=ssp-buffer-size=1 -Waddress -Warray-bounds -Wbad-function-cast -Wchar-subscripts -Wcomment -Wfloat-equal -Wformat-security -Wformat=2 -Wmaybe-uninitialized -Wmissing-field-initializers -Wmissing-noreturn -Wmissing-prototypes -Wnested-externs -Wnormalized=id -Woverride-init -Wpointer-arith  -Werror -Wpointer-sign  conftest.c >&5
configure:33126: $? = 0
configure:33136: result: yes
configure:33154: : CFLAGS="$CFLAGS"
configure:33157: $? = 0
configure:33185: checking whether C compiler accepts -Wshadow
configure:33205: gcc -c    -Wno-pragmas -Wall -Wextra -Wunknown-pragmas --param=ssp-buffer-size=1 -Waddress -Warray-bounds -Wbad-function-cast -Wchar-subscripts -Wcomment -Wfloat-equal -Wformat-security -Wformat=2 -Wmaybe-uninitialized -Wmissing-field-initializers -Wmissing-noreturn -Wmissing-prototypes -Wnested-externs -Wnormalized=id -Woverride-init -Wpointer-arith -Wpointer-sign  -Werror -Wshadow  conftest.c >&5
configure:33205: $? = 0
configure:33215: result: yes
configure:33233: : CFLAGS="$CFLAGS"
configure:33236: $? = 0
configure:33264: checking whether C compiler accepts -Wshorten-64-to-32
configure:33284: gcc -c    -Wno-pragmas -Wall -Wextra -Wunknown-pragmas --param=ssp-buffer-size=1 -Waddress -Warray-bounds -Wbad-function-cast -Wchar-subscripts -Wcomment -Wfloat-equal -Wformat-security -Wformat=2 -Wmaybe-uninitialized -Wmissing-field-initializers -Wmissing-noreturn -Wmissing-prototypes -Wnested-externs -Wnormalized=id -Woverride-init -Wpointer-arith -Wpointer-sign -Wshadow  -Werror -Wshorten-64-to-32  conftest.c >&5
gcc: error: unrecognized command-line option '-Wshorten-64-to-32'
configure:33284: $? = 1
configure: failed program was:
| /* confdefs.h */
| #define PACKAGE_NAME "wolfssl"
| #define PACKAGE_TARNAME "wolfssl"
| #define PACKAGE_VERSION "5.7.6"
| #define PACKAGE_STRING "wolfssl 5.7.6"
| #define PACKAGE_BUGREPORT "https://github.com/wolfssl/wolfssl/issues"
| #define PACKAGE_URL "https://www.wolfssl.com"
| #define HAVE_STDIO_H 1
| #define HAVE_STDLIB_H 1
| #define HAVE_STRING_H 1
| #define HAVE_INTTYPES_H 1
| #define HAVE_STDINT_H 1
| #define HAVE_STRINGS_H 1
| #define HAVE_SYS_STAT_H 1
| #define HAVE_SYS_TYPES_H 1
| #define HAVE_UNISTD_H 1
| #define STDC_HEADERS 1
| #define HAVE_DLFCN_H 1
| #define LT_OBJDIR ".libs/"
| #define HAVE_VISIBILITY 1
| #define SIZEOF_LONG_LONG 8
| #define SIZEOF_LONG 8
| #define SIZEOF_TIME_T 8
| #define HAVE___UINT128_T 1
| #define HAVE_ARPA_INET_H 1
| #define HAVE_FCNTL_H 1
| #define HAVE_LIMITS_H 1
| #define HAVE_NETDB_H 1
| #define HAVE_NETINET_IN_H 1
| #define HAVE_STDDEF_H 1
| #define HAVE_TIME_H 1
| #define HAVE_SYS_IOCTL_H 1
| #define HAVE_SYS_SOCKET_H 1
| #define HAVE_SYS_TIME_H 1
| #define HAVE_ERRNO_H 1
| #define HAVE_SYS_UN_H 1
| #define HAVE_C___ATOMIC 1
| #define HAVE_GETHOSTBYNAME 1
| #define HAVE_GETADDRINFO 1
| #define HAVE_GETTIMEOFDAY 1
| #define HAVE_GMTIME_R 1
| #define HAVE_INET_NTOA 1
| #define HAVE_MEMSET 1
| #define HAVE_SOCKET 1
| #define HAVE_STRFTIME 1
| #define HAVE_ATEXIT 1
| #define HAVE_DECL_GETHOSTBYNAME 1
| #define HAVE_DECL_GETADDRINFO 1
| #define HAVE_DECL_GETTIMEOFDAY 1
| #define HAVE_DECL_GMTIME_R 1
| #define HAVE_DECL_GMTIME_S 0
| #define HAVE_DECL_INET_NTOA 1
| #define HAVE_DECL_MEMSET 1
| #define HAVE_DECL_SOCKET 1
| #define HAVE_DECL_STRFTIME 1
| #define HAVE_DECL_ATEXIT 1
| #define HAVE_UINTPTR_T 1
| #define TLS _Thread_local
| #define DEBUG 0
| #define HAVE_PTHREAD_PRIO_INHERIT 1
| #define HAVE_PTHREAD 1
| #define VCS_SYSTEM "none"
| #define VCS_CHECKOUT 0
| /* end confdefs.h.  */
| 
| int
| main (void)
| {
| 
|   ;
|   return 0;
| }
configure:33294: result: no
configure:33343: checking whether C compiler accepts -Wsign-compare
configure:33363: gcc -c    -Wno-pragmas -Wall -Wextra -Wunknown-pragmas --param=ssp-buffer-size=1 -Waddress -Warray-bounds -Wbad-function-cast -Wchar-subscripts -Wcomment -Wfloat-equal -Wformat-security -Wformat=2 -Wmaybe-uninitialized -Wmissing-field-initializers -Wmissing-noreturn -Wmissing-prototypes -Wnested-externs -Wnormalized=id -Woverride-init -Wpointer-arith -Wpointer-sign -Wshadow  -Werror -Wsign-compare  conftest.c >&5
configure:33363: $? = 0
configure:33373: result: yes
configure:33391: : CFLAGS="$CFLAGS"
configure:33394: $? = 0
configure:33422: checking whether C compiler accepts -Wstrict-overflow=1
configure:33442: gcc -c    -Wno-pragmas -Wall -Wextra -Wunknown-pragmas --param=ssp-buffer-size=1 -Waddress -Warray-bounds -Wbad-function-cast -Wchar-subscripts -Wcomment -Wfloat-equal -Wformat-security -Wformat=2 -Wmaybe-uninitialized -Wmissing-field-initializers -Wmissing-noreturn -Wmissing-prototypes -Wnested-externs -Wnormalized=id -Woverride-init -Wpointer-arith -Wpointer-sign -Wshadow -Wsign-compare  -Werror -Wstrict-overflow=1  conftest.c >&5
configure:33442: $? = 0
configure:33452: result: yes
configure:33470: : CFLAGS="$CFLAGS"
configure:33473: $? = 0
configure:33501: checking whether C compiler accepts -Wstrict-prototypes
configure:33521: gcc -c    -Wno-pragmas -Wall -Wextra -Wunknown-pragmas --param=ssp-buffer-size=1 -Waddress -Warray-bounds -Wbad-function-cast -Wchar-subscripts -Wcomment -Wfloat-equal -Wformat-security -Wformat=2 -Wmaybe-uninitialized -Wmissing-field-initializers -Wmissing-noreturn -Wmissing-prototypes -Wnested-externs -Wnormalized=id -Woverride-init -Wpointer-arith -Wpointer-sign -Wshadow -Wsign-compare -Wstrict-overflow=1  -Werror -Wstrict-prototypes  conftest.c >&5
configure:33521: $? = 0
configure:33531: result: yes
configure:33549: : CFLAGS="$CFLAGS"
configure:33552: $? = 0
configure:33580: checking whether C compiler accepts -Wswitch-enum
configure:33600: gcc -c    -Wno-pragmas -Wall -Wextra -Wunknown-pragmas --param=ssp-buffer-size=1 -Waddress -Warray-bounds -Wbad-function-cast -Wchar-subscripts -Wcomment -Wfloat-equal -Wformat-security -Wformat=2 -Wmaybe-uninitialized -Wmissing-field-initializers -Wmissing-noreturn -Wmissing-prototypes -Wnested-externs -Wnormalized=id -Woverride-init -Wpointer-arith -Wpointer-sign -Wshadow -Wsign-compare -Wstrict-overflow=1 -Wstrict-prototypes  -Werror -Wswitch-enum  conftest.c >&5
configure:33600: $? = 0
configure:33610: result: yes
configure:33628: : CFLAGS="$CFLAGS"
configure:33631: $? = 0
configure:33659: checking whether C compiler accepts -Wundef
configure:33679: gcc -c    -Wno-pragmas -Wall -Wextra -Wunknown-pragmas --param=ssp-buffer-size=1 -Waddress -Warray-bounds -Wbad-function-cast -Wchar-subscripts -Wcomment -Wfloat-equal -Wformat-security -Wformat=2 -Wmaybe-uninitialized -Wmissing-field-initializers -Wmissing-noreturn -Wmissing-prototypes -Wnested-externs -Wnormalized=id -Woverride-init -Wpointer-arith -Wpointer-sign -Wshadow -Wsign-compare -Wstrict-overflow=1 -Wstrict-prototypes -Wswitch-enum  -Werror -Wundef  conftest.c >&5
configure:33679: $? = 0
configure:33689: result: yes
configure:33707: : CFLAGS="$CFLAGS"
configure:33710: $? = 0
configure:33738: checking whether C compiler accepts -Wunused
configure:33758: gcc -c    -Wno-pragmas -Wall -Wextra -Wunknown-pragmas --param=ssp-buffer-size=1 -Waddress -Warray-bounds -Wbad-function-cast -Wchar-subscripts -Wcomment -Wfloat-equal -Wformat-security -Wformat=2 -Wmaybe-uninitialized -Wmissing-field-initializers -Wmissing-noreturn -Wmissing-prototypes -Wnested-externs -Wnormalized=id -Woverride-init -Wpointer-arith -Wpointer-sign -Wshadow -Wsign-compare -Wstrict-overflow=1 -Wstrict-prototypes -Wswitch-enum -Wundef  -Werror -Wunused  conftest.c >&5
configure:33758: $? = 0
configure:33768: result: yes
configure:33786: : CFLAGS="$CFLAGS"
configure:33789: $? = 0
configure:33817: checking whether C compiler accepts -Wunused-result
configure:33837: gcc -c    -Wno-pragmas -Wall -Wextra -Wunknown-pragmas --param=ssp-buffer-size=1 -Waddress -Warray-bounds -Wbad-function-cast -Wchar-subscripts -Wcomment -Wfloat-equal -Wformat-security -Wformat=2 -Wmaybe-uninitialized -Wmissing-field-initializers -Wmissing-noreturn -Wmissing-prototypes -Wnested-externs -Wnormalized=id -Woverride-init -Wpointer-arith -Wpointer-sign -Wshadow -Wsign-compare -Wstrict-overflow=1 -Wstrict-prototypes -Wswitch-enum -Wundef -Wunused  -Werror -Wunused-result  conftest.c >&5
configure:33837: $? = 0
configure:33847: result: yes
configure:33865: : CFLAGS="$CFLAGS"
configure:33868: $? = 0
configure:33896: checking whether C compiler accepts -Wunused-variable
configure:33916: gcc -c    -Wno-pragmas -Wall -Wextra -Wunknown-pragmas --param=ssp-buffer-size=1 -Waddress -Warray-bounds -Wbad-function-cast -Wchar-subscripts -Wcomment -Wfloat-equal -Wformat-security -Wformat=2 -Wmaybe-uninitialized -Wmissing-field-initializers -Wmissing-noreturn -Wmissing-prototypes -Wnested-externs -Wnormalized=id -Woverride-init -Wpointer-arith -Wpointer-sign -Wshadow -Wsign-compare -Wstrict-overflow=1 -Wstrict-prototypes -Wswitch-enum -Wundef -Wunused -Wunused-result  -Werror -Wunused-variable  conftest.c >&5
configure:33916: $? = 0
configure:33926: result: yes
configure:33944: : CFLAGS="$CFLAGS"
configure:33947: $? = 0
configure:33975: checking whether C compiler accepts -Wwrite-strings
configure:33995: gcc -c    -Wno-pragmas -Wall -Wextra -Wunknown-pragmas --param=ssp-buffer-size=1 -Waddress -Warray-bounds -Wbad-function-cast -Wchar-subscripts -Wcomment -Wfloat-equal -Wformat-security -Wformat=2 -Wmaybe-uninitialized -Wmissing-field-initializers -Wmissing-noreturn -Wmissing-prototypes -Wnested-externs -Wnormalized=id -Woverride-init -Wpointer-arith -Wpointer-sign -Wshadow -Wsign-compare -Wstrict-overflow=1 -Wstrict-prototypes -Wswitch-enum -Wundef -Wunused -Wunused-result -Wunused-variable  -Werror -Wwrite-strings  conftest.c >&5
configure:33995: $? = 0
configure:34005: result: yes
configure:34023: : CFLAGS="$CFLAGS"
configure:34026: $? = 0
configure:34054: checking whether C compiler accepts -fwrapv
configure:34074: gcc -c    -Wno-pragmas -Wall -Wextra -Wunknown-pragmas --param=ssp-buffer-size=1 -Waddress -Warray-bounds -Wbad-function-cast -Wchar-subscripts -Wcomment -Wfloat-equal -Wformat-security -Wformat=2 -Wmaybe-uninitialized -Wmissing-field-initializers -Wmissing-noreturn -Wmissing-prototypes -Wnested-externs -Wnormalized=id -Woverride-init -Wpointer-arith -Wpointer-sign -Wshadow -Wsign-compare -Wstrict-overflow=1 -Wstrict-prototypes -Wswitch-enum -Wundef -Wunused -Wunused-result -Wunused-variable -Wwrite-strings  -Werror -fwrapv  conftest.c >&5
configure:34074: $? = 0
configure:34084: result: yes
configure:34102: : CFLAGS="$CFLAGS"
configure:34105: $? = 0
configure:38178: result: creating wolfssl-config - generic 5.7.6 for -lwolfssl -lpthread
configure:38303: checking the number of available CPUs
configure:38392: result: 2
configure:38409: adding automake macro support
configure:38413: creating aminclude.am
configure:38445: added jobserver support to make for 3 jobs
configure:38586: checking that generated files are newer than configure
configure:38592: result: done
configure:39304: creating ./config.status

## ---------------------- ##
## Running config.status. ##
## ---------------------- ##

This file was extended by wolfssl config.status 5.7.6, which was
generated by GNU Autoconf 2.71.  Invocation command line was

  CONFIG_FILES    = 
  CONFIG_HEADERS  = 
  CONFIG_LINKS    = 
  CONFIG_COMMANDS = 
  $ ./config.status 

on ubu22-VirtualBox

config.status:1559: creating stamp-h
config.status:1559: creating Makefile
config.status:1559: creating wolfssl/version.h
config.status:1559: creating wolfssl/options.h
config.status:1559: creating support/wolfssl.pc
config.status:1559: creating debian/control
config.status:1559: creating debian/changelog
config.status:1559: creating rpm/spec
config.status:1559: creating wolfcrypt/test/test_paths.h
config.status:1559: creating scripts/unit.test
config.status:1559: creating config.h
config.status:1740: config.h is unchanged
config.status:1788: executing depfiles commands
config.status:1865: cd .       && sed -e '/# am--include-marker/d' Makefile         | make -f - am--depfiles
make: Nothing to be done for 'am--depfiles'.
config.status:1870: $? = 0
config.status:1788: executing libtool commands
config.status:1788: executing wolfssl/wolfcrypt/async.h commands
config.status:1788: executing wolfssl/wolfcrypt/fips.h commands
config.status:1788: executing wolfssl/wolfcrypt/port/cavium/cavium_nitrox.h commands
config.status:1788: executing wolfssl/wolfcrypt/port/intel/quickassist.h commands
config.status:1788: executing wolfssl/wolfcrypt/port/intel/quickassist_mem.h commands
configure:41477: ---
configure:41479: Running make clean...
configure:41504: ---
configure:41506: Generating user options header...
configure:41622: checking for wolfssl/openssl/aes.h
configure:41622: gcc -c    -Wno-pragmas -Wall -Wextra -Wunknown-pragmas --param=ssp-buffer-size=1 -Waddress -Warray-bounds -Wbad-function-cast -Wchar-subscripts -Wcomment -Wfloat-equal -Wformat-security -Wformat=2 -Wmaybe-uninitialized -Wmissing-field-initializers -Wmissing-noreturn -Wmissing-prototypes -Wnested-externs -Wnormalized=id -Woverride-init -Wpointer-arith -Wpointer-sign -Wshadow -Wsign-compare -Wstrict-overflow=1 -Wstrict-prototypes -Wswitch-enum -Wundef -Wunused -Wunused-result -Wunused-variable -Wwrite-strings -fwrapv -DHAVE_CONFIG_H -I. -I.  conftest.c >&5
configure:41622: $? = 0
configure:41622: result: yes
configure:41622: checking for wolfssl/openssl/asn1.h
configure:41622: gcc -c    -Wno-pragmas -Wall -Wextra -Wunknown-pragmas --param=ssp-buffer-size=1 -Waddress -Warray-bounds -Wbad-function-cast -Wchar-subscripts -Wcomment -Wfloat-equal -Wformat-security -Wformat=2 -Wmaybe-uninitialized -Wmissing-field-initializers -Wmissing-noreturn -Wmissing-prototypes -Wnested-externs -Wnormalized=id -Woverride-init -Wpointer-arith -Wpointer-sign -Wshadow -Wsign-compare -Wstrict-overflow=1 -Wstrict-prototypes -Wswitch-enum -Wundef -Wunused -Wunused-result -Wunused-variable -Wwrite-strings -fwrapv -DHAVE_CONFIG_H -I. -I.  conftest.c >&5
configure:41622: $? = 0
configure:41622: result: yes
configure:41622: checking for wolfssl/openssl/asn1t.h
configure:41622: gcc -c    -Wno-pragmas -Wall -Wextra -Wunknown-pragmas --param=ssp-buffer-size=1 -Waddress -Warray-bounds -Wbad-function-cast -Wchar-subscripts -Wcomment -Wfloat-equal -Wformat-security -Wformat=2 -Wmaybe-uninitialized -Wmissing-field-initializers -Wmissing-noreturn -Wmissing-prototypes -Wnested-externs -Wnormalized=id -Woverride-init -Wpointer-arith -Wpointer-sign -Wshadow -Wsign-compare -Wstrict-overflow=1 -Wstrict-prototypes -Wswitch-enum -Wundef -Wunused -Wunused-result -Wunused-variable -Wwrite-strings -fwrapv -DHAVE_CONFIG_H -I. -I.  conftest.c >&5
configure:41622: $? = 0
configure:41622: result: yes
configure:41622: checking for wolfssl/openssl/bio.h
configure:41622: gcc -c    -Wno-pragmas -Wall -Wextra -Wunknown-pragmas --param=ssp-buffer-size=1 -Waddress -Warray-bounds -Wbad-function-cast -Wchar-subscripts -Wcomment -Wfloat-equal -Wformat-security -Wformat=2 -Wmaybe-uninitialized -Wmissing-field-initializers -Wmissing-noreturn -Wmissing-prototypes -Wnested-externs -Wnormalized=id -Woverride-init -Wpointer-arith -Wpointer-sign -Wshadow -Wsign-compare -Wstrict-overflow=1 -Wstrict-prototypes -Wswitch-enum -Wundef -Wunused -Wunused-result -Wunused-variable -Wwrite-strings -fwrapv -DHAVE_CONFIG_H -I. -I.  conftest.c >&5
configure:41622: $? = 0
configure:41622: result: yes
configure:41622: checking for wolfssl/openssl/bn.h
configure:41622: gcc -c    -Wno-pragmas -Wall -Wextra -Wunknown-pragmas --param=ssp-buffer-size=1 -Waddress -Warray-bounds -Wbad-function-cast -Wchar-subscripts -Wcomment -Wfloat-equal -Wformat-security -Wformat=2 -Wmaybe-uninitialized -Wmissing-field-initializers -Wmissing-noreturn -Wmissing-prototypes -Wnested-externs -Wnormalized=id -Woverride-init -Wpointer-arith -Wpointer-sign -Wshadow -Wsign-compare -Wstrict-overflow=1 -Wstrict-prototypes -Wswitch-enum -Wundef -Wunused -Wunused-result -Wunused-variable -Wwrite-strings -fwrapv -DHAVE_CONFIG_H -I. -I.  conftest.c >&5
configure:41622: $? = 0
configure:41622: result: yes
configure:41622: checking for wolfssl/openssl/buffer.h
configure:41622: gcc -c    -Wno-pragmas -Wall -Wextra -Wunknown-pragmas --param=ssp-buffer-size=1 -Waddress -Warray-bounds -Wbad-function-cast -Wchar-subscripts -Wcomment -Wfloat-equal -Wformat-security -Wformat=2 -Wmaybe-uninitialized -Wmissing-field-initializers -Wmissing-noreturn -Wmissing-prototypes -Wnested-externs -Wnormalized=id -Woverride-init -Wpointer-arith -Wpointer-sign -Wshadow -Wsign-compare -Wstrict-overflow=1 -Wstrict-prototypes -Wswitch-enum -Wundef -Wunused -Wunused-result -Wunused-variable -Wwrite-strings -fwrapv -DHAVE_CONFIG_H -I. -I.  conftest.c >&5
configure:41622: $? = 0
configure:41622: result: yes
configure:41622: checking for wolfssl/openssl/camellia.h
configure:41622: gcc -c    -Wno-pragmas -Wall -Wextra -Wunknown-pragmas --param=ssp-buffer-size=1 -Waddress -Warray-bounds -Wbad-function-cast -Wchar-subscripts -Wcomment -Wfloat-equal -Wformat-security -Wformat=2 -Wmaybe-uninitialized -Wmissing-field-initializers -Wmissing-noreturn -Wmissing-prototypes -Wnested-externs -Wnormalized=id -Woverride-init -Wpointer-arith -Wpointer-sign -Wshadow -Wsign-compare -Wstrict-overflow=1 -Wstrict-prototypes -Wswitch-enum -Wundef -Wunused -Wunused-result -Wunused-variable -Wwrite-strings -fwrapv -DHAVE_CONFIG_H -I. -I.  conftest.c >&5
configure:41622: $? = 0
configure:41622: result: yes
configure:41622: checking for wolfssl/openssl/cmac.h
configure:41622: gcc -c    -Wno-pragmas -Wall -Wextra -Wunknown-pragmas --param=ssp-buffer-size=1 -Waddress -Warray-bounds -Wbad-function-cast -Wchar-subscripts -Wcomment -Wfloat-equal -Wformat-security -Wformat=2 -Wmaybe-uninitialized -Wmissing-field-initializers -Wmissing-noreturn -Wmissing-prototypes -Wnested-externs -Wnormalized=id -Woverride-init -Wpointer-arith -Wpointer-sign -Wshadow -Wsign-compare -Wstrict-overflow=1 -Wstrict-prototypes -Wswitch-enum -Wundef -Wunused -Wunused-result -Wunused-variable -Wwrite-strings -fwrapv -DHAVE_CONFIG_H -I. -I.  conftest.c >&5
configure:41622: $? = 0
configure:41622: result: yes
configure:41622: checking for wolfssl/openssl/cms.h
configure:41622: gcc -c    -Wno-pragmas -Wall -Wextra -Wunknown-pragmas --param=ssp-buffer-size=1 -Waddress -Warray-bounds -Wbad-function-cast -Wchar-subscripts -Wcomment -Wfloat-equal -Wformat-security -Wformat=2 -Wmaybe-uninitialized -Wmissing-field-initializers -Wmissing-noreturn -Wmissing-prototypes -Wnested-externs -Wnormalized=id -Woverride-init -Wpointer-arith -Wpointer-sign -Wshadow -Wsign-compare -Wstrict-overflow=1 -Wstrict-prototypes -Wswitch-enum -Wundef -Wunused -Wunused-result -Wunused-variable -Wwrite-strings -fwrapv -DHAVE_CONFIG_H -I. -I.  conftest.c >&5
configure:41622: $? = 0
configure:41622: result: yes
configure:41622: checking for wolfssl/openssl/compat_types.h
configure:41622: gcc -c    -Wno-pragmas -Wall -Wextra -Wunknown-pragmas --param=ssp-buffer-size=1 -Waddress -Warray-bounds -Wbad-function-cast -Wchar-subscripts -Wcomment -Wfloat-equal -Wformat-security -Wformat=2 -Wmaybe-uninitialized -Wmissing-field-initializers -Wmissing-noreturn -Wmissing-prototypes -Wnested-externs -Wnormalized=id -Woverride-init -Wpointer-arith -Wpointer-sign -Wshadow -Wsign-compare -Wstrict-overflow=1 -Wstrict-prototypes -Wswitch-enum -Wundef -Wunused -Wunused-result -Wunused-variable -Wwrite-strings -fwrapv -DHAVE_CONFIG_H -I. -I.  conftest.c >&5
configure:41622: $? = 0
configure:41622: result: yes
configure:41622: checking for wolfssl/openssl/conf.h
configure:41622: gcc -c    -Wno-pragmas -Wall -Wextra -Wunknown-pragmas --param=ssp-buffer-size=1 -Waddress -Warray-bounds -Wbad-function-cast -Wchar-subscripts -Wcomment -Wfloat-equal -Wformat-security -Wformat=2 -Wmaybe-uninitialized -Wmissing-field-initializers -Wmissing-noreturn -Wmissing-prototypes -Wnested-externs -Wnormalized=id -Woverride-init -Wpointer-arith -Wpointer-sign -Wshadow -Wsign-compare -Wstrict-overflow=1 -Wstrict-prototypes -Wswitch-enum -Wundef -Wunused -Wunused-result -Wunused-variable -Wwrite-strings -fwrapv -DHAVE_CONFIG_H -I. -I.  conftest.c >&5
configure:41622: $? = 0
configure:41622: result: yes
configure:41622: checking for wolfssl/openssl/crypto.h
configure:41622: gcc -c    -Wno-pragmas -Wall -Wextra -Wunknown-pragmas --param=ssp-buffer-size=1 -Waddress -Warray-bounds -Wbad-function-cast -Wchar-subscripts -Wcomment -Wfloat-equal -Wformat-security -Wformat=2 -Wmaybe-uninitialized -Wmissing-field-initializers -Wmissing-noreturn -Wmissing-prototypes -Wnested-externs -Wnormalized=id -Woverride-init -Wpointer-arith -Wpointer-sign -Wshadow -Wsign-compare -Wstrict-overflow=1 -Wstrict-prototypes -Wswitch-enum -Wundef -Wunused -Wunused-result -Wunused-variable -Wwrite-strings -fwrapv -DHAVE_CONFIG_H -I. -I.  conftest.c >&5
configure:41622: $? = 0
configure:41622: result: yes
configure:41622: checking for wolfssl/openssl/des.h
configure:41622: gcc -c    -Wno-pragmas -Wall -Wextra -Wunknown-pragmas --param=ssp-buffer-size=1 -Waddress -Warray-bounds -Wbad-function-cast -Wchar-subscripts -Wcomment -Wfloat-equal -Wformat-security -Wformat=2 -Wmaybe-uninitialized -Wmissing-field-initializers -Wmissing-noreturn -Wmissing-prototypes -Wnested-externs -Wnormalized=id -Woverride-init -Wpointer-arith -Wpointer-sign -Wshadow -Wsign-compare -Wstrict-overflow=1 -Wstrict-prototypes -Wswitch-enum -Wundef -Wunused -Wunused-result -Wunused-variable -Wwrite-strings -fwrapv -DHAVE_CONFIG_H -I. -I.  conftest.c >&5
configure:41622: $? = 0
configure:41622: result: yes
configure:41622: checking for wolfssl/openssl/dh.h
configure:41622: gcc -c    -Wno-pragmas -Wall -Wextra -Wunknown-pragmas --param=ssp-buffer-size=1 -Waddress -Warray-bounds -Wbad-function-cast -Wchar-subscripts -Wcomment -Wfloat-equal -Wformat-security -Wformat=2 -Wmaybe-uninitialized -Wmissing-field-initializers -Wmissing-noreturn -Wmissing-prototypes -Wnested-externs -Wnormalized=id -Woverride-init -Wpointer-arith -Wpointer-sign -Wshadow -Wsign-compare -Wstrict-overflow=1 -Wstrict-prototypes -Wswitch-enum -Wundef -Wunused -Wunused-result -Wunused-variable -Wwrite-strings -fwrapv -DHAVE_CONFIG_H -I. -I.  conftest.c >&5
configure:41622: $? = 0
configure:41622: result: yes
configure:41622: checking for wolfssl/openssl/dsa.h
configure:41622: gcc -c    -Wno-pragmas -Wall -Wextra -Wunknown-pragmas --param=ssp-buffer-size=1 -Waddress -Warray-bounds -Wbad-function-cast -Wchar-subscripts -Wcomment -Wfloat-equal -Wformat-security -Wformat=2 -Wmaybe-uninitialized -Wmissing-field-initializers -Wmissing-noreturn -Wmissing-prototypes -Wnested-externs -Wnormalized=id -Woverride-init -Wpointer-arith -Wpointer-sign -Wshadow -Wsign-compare -Wstrict-overflow=1 -Wstrict-prototypes -Wswitch-enum -Wundef -Wunused -Wunused-result -Wunused-variable -Wwrite-strings -fwrapv -DHAVE_CONFIG_H -I. -I.  conftest.c >&5
configure:41622: $? = 0
configure:41622: result: yes
configure:41622: checking for wolfssl/openssl/ec.h
configure:41622: gcc -c    -Wno-pragmas -Wall -Wextra -Wunknown-pragmas --param=ssp-buffer-size=1 -Waddress -Warray-bounds -Wbad-function-cast -Wchar-subscripts -Wcomment -Wfloat-equal -Wformat-security -Wformat=2 -Wmaybe-uninitialized -Wmissing-field-initializers -Wmissing-noreturn -Wmissing-prototypes -Wnested-externs -Wnormalized=id -Woverride-init -Wpointer-arith -Wpointer-sign -Wshadow -Wsign-compare -Wstrict-overflow=1 -Wstrict-prototypes -Wswitch-enum -Wundef -Wunused -Wunused-result -Wunused-variable -Wwrite-strings -fwrapv -DHAVE_CONFIG_H -I. -I.  conftest.c >&5
configure:41622: $? = 0
configure:41622: result: yes
configure:41622: checking for wolfssl/openssl/ec25519.h
configure:41622: gcc -c    -Wno-pragmas -Wall -Wextra -Wunknown-pragmas --param=ssp-buffer-size=1 -Waddress -Warray-bounds -Wbad-function-cast -Wchar-subscripts -Wcomment -Wfloat-equal -Wformat-security -Wformat=2 -Wmaybe-uninitialized -Wmissing-field-initializers -Wmissing-noreturn -Wmissing-prototypes -Wnested-externs -Wnormalized=id -Woverride-init -Wpointer-arith -Wpointer-sign -Wshadow -Wsign-compare -Wstrict-overflow=1 -Wstrict-prototypes -Wswitch-enum -Wundef -Wunused -Wunused-result -Wunused-variable -Wwrite-strings -fwrapv -DHAVE_CONFIG_H -I. -I.  conftest.c >&5
configure:41622: $? = 0
configure:41622: result: yes
configure:41622: checking for wolfssl/openssl/ec448.h
configure:41622: gcc -c    -Wno-pragmas -Wall -Wextra -Wunknown-pragmas --param=ssp-buffer-size=1 -Waddress -Warray-bounds -Wbad-function-cast -Wchar-subscripts -Wcomment -Wfloat-equal -Wformat-security -Wformat=2 -Wmaybe-uninitialized -Wmissing-field-initializers -Wmissing-noreturn -Wmissing-prototypes -Wnested-externs -Wnormalized=id -Woverride-init -Wpointer-arith -Wpointer-sign -Wshadow -Wsign-compare -Wstrict-overflow=1 -Wstrict-prototypes -Wswitch-enum -Wundef -Wunused -Wunused-result -Wunused-variable -Wwrite-strings -fwrapv -DHAVE_CONFIG_H -I. -I.  conftest.c >&5
configure:41622: $? = 0
configure:41622: result: yes
configure:41622: checking for wolfssl/openssl/ecdh.h
configure:41622: gcc -c    -Wno-pragmas -Wall -Wextra -Wunknown-pragmas --param=ssp-buffer-size=1 -Waddress -Warray-bounds -Wbad-function-cast -Wchar-subscripts -Wcomment -Wfloat-equal -Wformat-security -Wformat=2 -Wmaybe-uninitialized -Wmissing-field-initializers -Wmissing-noreturn -Wmissing-prototypes -Wnested-externs -Wnormalized=id -Woverride-init -Wpointer-arith -Wpointer-sign -Wshadow -Wsign-compare -Wstrict-overflow=1 -Wstrict-prototypes -Wswitch-enum -Wundef -Wunused -Wunused-result -Wunused-variable -Wwrite-strings -fwrapv -DHAVE_CONFIG_H -I. -I.  conftest.c >&5
configure:41622: $? = 0
configure:41622: result: yes
configure:41622: checking for wolfssl/openssl/ecdsa.h
configure:41622: gcc -c    -Wno-pragmas -Wall -Wextra -Wunknown-pragmas --param=ssp-buffer-size=1 -Waddress -Warray-bounds -Wbad-function-cast -Wchar-subscripts -Wcomment -Wfloat-equal -Wformat-security -Wformat=2 -Wmaybe-uninitialized -Wmissing-field-initializers -Wmissing-noreturn -Wmissing-prototypes -Wnested-externs -Wnormalized=id -Woverride-init -Wpointer-arith -Wpointer-sign -Wshadow -Wsign-compare -Wstrict-overflow=1 -Wstrict-prototypes -Wswitch-enum -Wundef -Wunused -Wunused-result -Wunused-variable -Wwrite-strings -fwrapv -DHAVE_CONFIG_H -I. -I.  conftest.c >&5
configure:41622: $? = 0
configure:41622: result: yes
configure:41622: checking for wolfssl/openssl/ed25519.h
configure:41622: gcc -c    -Wno-pragmas -Wall -Wextra -Wunknown-pragmas --param=ssp-buffer-size=1 -Waddress -Warray-bounds -Wbad-function-cast -Wchar-subscripts -Wcomment -Wfloat-equal -Wformat-security -Wformat=2 -Wmaybe-uninitialized -Wmissing-field-initializers -Wmissing-noreturn -Wmissing-prototypes -Wnested-externs -Wnormalized=id -Woverride-init -Wpointer-arith -Wpointer-sign -Wshadow -Wsign-compare -Wstrict-overflow=1 -Wstrict-prototypes -Wswitch-enum -Wundef -Wunused -Wunused-result -Wunused-variable -Wwrite-strings -fwrapv -DHAVE_CONFIG_H -I. -I.  conftest.c >&5
configure:41622: $? = 0
configure:41622: result: yes
configure:41622: checking for wolfssl/openssl/ed448.h
configure:41622: gcc -c    -Wno-pragmas -Wall -Wextra -Wunknown-pragmas --param=ssp-buffer-size=1 -Waddress -Warray-bounds -Wbad-function-cast -Wchar-subscripts -Wcomment -Wfloat-equal -Wformat-security -Wformat=2 -Wmaybe-uninitialized -Wmissing-field-initializers -Wmissing-noreturn -Wmissing-prototypes -Wnested-externs -Wnormalized=id -Woverride-init -Wpointer-arith -Wpointer-sign -Wshadow -Wsign-compare -Wstrict-overflow=1 -Wstrict-prototypes -Wswitch-enum -Wundef -Wunused -Wunused-result -Wunused-variable -Wwrite-strings -fwrapv -DHAVE_CONFIG_H -I. -I.  conftest.c >&5
configure:41622: $? = 0
configure:41622: result: yes
configure:41622: checking for wolfssl/openssl/engine.h
configure:41622: gcc -c    -Wno-pragmas -Wall -Wextra -Wunknown-pragmas --param=ssp-buffer-size=1 -Waddress -Warray-bounds -Wbad-function-cast -Wchar-subscripts -Wcomment -Wfloat-equal -Wformat-security -Wformat=2 -Wmaybe-uninitialized -Wmissing-field-initializers -Wmissing-noreturn -Wmissing-prototypes -Wnested-externs -Wnormalized=id -Woverride-init -Wpointer-arith -Wpointer-sign -Wshadow -Wsign-compare -Wstrict-overflow=1 -Wstrict-prototypes -Wswitch-enum -Wundef -Wunused -Wunused-result -Wunused-variable -Wwrite-strings -fwrapv -DHAVE_CONFIG_H -I. -I.  conftest.c >&5
configure:41622: $? = 0
configure:41622: result: yes
configure:41622: checking for wolfssl/openssl/err.h
configure:41622: gcc -c    -Wno-pragmas -Wall -Wextra -Wunknown-pragmas --param=ssp-buffer-size=1 -Waddress -Warray-bounds -Wbad-function-cast -Wchar-subscripts -Wcomment -Wfloat-equal -Wformat-security -Wformat=2 -Wmaybe-uninitialized -Wmissing-field-initializers -Wmissing-noreturn -Wmissing-prototypes -Wnested-externs -Wnormalized=id -Woverride-init -Wpointer-arith -Wpointer-sign -Wshadow -Wsign-compare -Wstrict-overflow=1 -Wstrict-prototypes -Wswitch-enum -Wundef -Wunused -Wunused-result -Wunused-variable -Wwrite-strings -fwrapv -DHAVE_CONFIG_H -I. -I.  conftest.c >&5
configure:41622: $? = 0
configure:41622: result: yes
configure:41622: checking for wolfssl/openssl/evp.h
configure:41622: gcc -c    -Wno-pragmas -Wall -Wextra -Wunknown-pragmas --param=ssp-buffer-size=1 -Waddress -Warray-bounds -Wbad-function-cast -Wchar-subscripts -Wcomment -Wfloat-equal -Wformat-security -Wformat=2 -Wmaybe-uninitialized -Wmissing-field-initializers -Wmissing-noreturn -Wmissing-prototypes -Wnested-externs -Wnormalized=id -Woverride-init -Wpointer-arith -Wpointer-sign -Wshadow -Wsign-compare -Wstrict-overflow=1 -Wstrict-prototypes -Wswitch-enum -Wundef -Wunused -Wunused-result -Wunused-variable -Wwrite-strings -fwrapv -DHAVE_CONFIG_H -I. -I.  conftest.c >&5
configure:41622: $? = 0
configure:41622: result: yes
configure:41622: checking for wolfssl/openssl/fips_rand.h
configure:41622: gcc -c    -Wno-pragmas -Wall -Wextra -Wunknown-pragmas --param=ssp-buffer-size=1 -Waddress -Warray-bounds -Wbad-function-cast -Wchar-subscripts -Wcomment -Wfloat-equal -Wformat-security -Wformat=2 -Wmaybe-uninitialized -Wmissing-field-initializers -Wmissing-noreturn -Wmissing-prototypes -Wnested-externs -Wnormalized=id -Woverride-init -Wpointer-arith -Wpointer-sign -Wshadow -Wsign-compare -Wstrict-overflow=1 -Wstrict-prototypes -Wswitch-enum -Wundef -Wunused -Wunused-result -Wunused-variable -Wwrite-strings -fwrapv -DHAVE_CONFIG_H -I. -I.  conftest.c >&5
configure:41622: $? = 0
configure:41622: result: yes
configure:41622: checking for wolfssl/openssl/hmac.h
configure:41622: gcc -c    -Wno-pragmas -Wall -Wextra -Wunknown-pragmas --param=ssp-buffer-size=1 -Waddress -Warray-bounds -Wbad-function-cast -Wchar-subscripts -Wcomment -Wfloat-equal -Wformat-security -Wformat=2 -Wmaybe-uninitialized -Wmissing-field-initializers -Wmissing-noreturn -Wmissing-prototypes -Wnested-externs -Wnormalized=id -Woverride-init -Wpointer-arith -Wpointer-sign -Wshadow -Wsign-compare -Wstrict-overflow=1 -Wstrict-prototypes -Wswitch-enum -Wundef -Wunused -Wunused-result -Wunused-variable -Wwrite-strings -fwrapv -DHAVE_CONFIG_H -I. -I.  conftest.c >&5
configure:41622: $? = 0
configure:41622: result: yes
configure:41622: checking for wolfssl/openssl/kdf.h
configure:41622: gcc -c    -Wno-pragmas -Wall -Wextra -Wunknown-pragmas --param=ssp-buffer-size=1 -Waddress -Warray-bounds -Wbad-function-cast -Wchar-subscripts -Wcomment -Wfloat-equal -Wformat-security -Wformat=2 -Wmaybe-uninitialized -Wmissing-field-initializers -Wmissing-noreturn -Wmissing-prototypes -Wnested-externs -Wnormalized=id -Woverride-init -Wpointer-arith -Wpointer-sign -Wshadow -Wsign-compare -Wstrict-overflow=1 -Wstrict-prototypes -Wswitch-enum -Wundef -Wunused -Wunused-result -Wunused-variable -Wwrite-strings -fwrapv -DHAVE_CONFIG_H -I. -I.  conftest.c >&5
configure:41622: $? = 0
configure:41622: result: yes
configure:41622: checking for wolfssl/openssl/lhash.h
configure:41622: gcc -c    -Wno-pragmas -Wall -Wextra -Wunknown-pragmas --param=ssp-buffer-size=1 -Waddress -Warray-bounds -Wbad-function-cast -Wchar-subscripts -Wcomment -Wfloat-equal -Wformat-security -Wformat=2 -Wmaybe-uninitialized -Wmissing-field-initializers -Wmissing-noreturn -Wmissing-prototypes -Wnested-externs -Wnormalized=id -Woverride-init -Wpointer-arith -Wpointer-sign -Wshadow -Wsign-compare -Wstrict-overflow=1 -Wstrict-prototypes -Wswitch-enum -Wundef -Wunused -Wunused-result -Wunused-variable -Wwrite-strings -fwrapv -DHAVE_CONFIG_H -I. -I.  conftest.c >&5
configure:41622: $? = 0
configure:41622: result: yes
configure:41622: checking for wolfssl/openssl/md4.h
configure:41622: gcc -c    -Wno-pragmas -Wall -Wextra -Wunknown-pragmas --param=ssp-buffer-size=1 -Waddress -Warray-bounds -Wbad-function-cast -Wchar-subscripts -Wcomment -Wfloat-equal -Wformat-security -Wformat=2 -Wmaybe-uninitialized -Wmissing-field-initializers -Wmissing-noreturn -Wmissing-prototypes -Wnested-externs -Wnormalized=id -Woverride-init -Wpointer-arith -Wpointer-sign -Wshadow -Wsign-compare -Wstrict-overflow=1 -Wstrict-prototypes -Wswitch-enum -Wundef -Wunused -Wunused-result -Wunused-variable -Wwrite-strings -fwrapv -DHAVE_CONFIG_H -I. -I.  conftest.c >&5
configure:41622: $? = 0
configure:41622: result: yes
configure:41622: checking for wolfssl/openssl/md5.h
configure:41622: gcc -c    -Wno-pragmas -Wall -Wextra -Wunknown-pragmas --param=ssp-buffer-size=1 -Waddress -Warray-bounds -Wbad-function-cast -Wchar-subscripts -Wcomment -Wfloat-equal -Wformat-security -Wformat=2 -Wmaybe-uninitialized -Wmissing-field-initializers -Wmissing-noreturn -Wmissing-prototypes -Wnested-externs -Wnormalized=id -Woverride-init -Wpointer-arith -Wpointer-sign -Wshadow -Wsign-compare -Wstrict-overflow=1 -Wstrict-prototypes -Wswitch-enum -Wundef -Wunused -Wunused-result -Wunused-variable -Wwrite-strings -fwrapv -DHAVE_CONFIG_H -I. -I.  conftest.c >&5
configure:41622: $? = 0
configure:41622: result: yes
configure:41622: checking for wolfssl/openssl/modes.h
configure:41622: gcc -c    -Wno-pragmas -Wall -Wextra -Wunknown-pragmas --param=ssp-buffer-size=1 -Waddress -Warray-bounds -Wbad-function-cast -Wchar-subscripts -Wcomment -Wfloat-equal -Wformat-security -Wformat=2 -Wmaybe-uninitialized -Wmissing-field-initializers -Wmissing-noreturn -Wmissing-prototypes -Wnested-externs -Wnormalized=id -Woverride-init -Wpointer-arith -Wpointer-sign -Wshadow -Wsign-compare -Wstrict-overflow=1 -Wstrict-prototypes -Wswitch-enum -Wundef -Wunused -Wunused-result -Wunused-variable -Wwrite-strings -fwrapv -DHAVE_CONFIG_H -I. -I.  conftest.c >&5
configure:41622: $? = 0
configure:41622: result: yes
configure:41622: checking for wolfssl/openssl/obj_mac.h
configure:41622: gcc -c    -Wno-pragmas -Wall -Wextra -Wunknown-pragmas --param=ssp-buffer-size=1 -Waddress -Warray-bounds -Wbad-function-cast -Wchar-subscripts -Wcomment -Wfloat-equal -Wformat-security -Wformat=2 -Wmaybe-uninitialized -Wmissing-field-initializers -Wmissing-noreturn -Wmissing-prototypes -Wnested-externs -Wnormalized=id -Woverride-init -Wpointer-arith -Wpointer-sign -Wshadow -Wsign-compare -Wstrict-overflow=1 -Wstrict-prototypes -Wswitch-enum -Wundef -Wunused -Wunused-result -Wunused-variable -Wwrite-strings -fwrapv -DHAVE_CONFIG_H -I. -I.  conftest.c >&5
configure:41622: $? = 0
configure:41622: result: yes
configure:41622: checking for wolfssl/openssl/objects.h
configure:41622: gcc -c    -Wno-pragmas -Wall -Wextra -Wunknown-pragmas --param=ssp-buffer-size=1 -Waddress -Warray-bounds -Wbad-function-cast -Wchar-subscripts -Wcomment -Wfloat-equal -Wformat-security -Wformat=2 -Wmaybe-uninitialized -Wmissing-field-initializers -Wmissing-noreturn -Wmissing-prototypes -Wnested-externs -Wnormalized=id -Woverride-init -Wpointer-arith -Wpointer-sign -Wshadow -Wsign-compare -Wstrict-overflow=1 -Wstrict-prototypes -Wswitch-enum -Wundef -Wunused -Wunused-result -Wunused-variable -Wwrite-strings -fwrapv -DHAVE_CONFIG_H -I. -I.  conftest.c >&5
configure:41622: $? = 0
configure:41622: result: yes
configure:41622: checking for wolfssl/openssl/ocsp.h
configure:41622: gcc -c    -Wno-pragmas -Wall -Wextra -Wunknown-pragmas --param=ssp-buffer-size=1 -Waddress -Warray-bounds -Wbad-function-cast -Wchar-subscripts -Wcomment -Wfloat-equal -Wformat-security -Wformat=2 -Wmaybe-uninitialized -Wmissing-field-initializers -Wmissing-noreturn -Wmissing-prototypes -Wnested-externs -Wnormalized=id -Woverride-init -Wpointer-arith -Wpointer-sign -Wshadow -Wsign-compare -Wstrict-overflow=1 -Wstrict-prototypes -Wswitch-enum -Wundef -Wunused -Wunused-result -Wunused-variable -Wwrite-strings -fwrapv -DHAVE_CONFIG_H -I. -I.  conftest.c >&5
configure:41622: $? = 0
configure:41622: result: yes
configure:41622: checking for wolfssl/openssl/opensslconf.h
configure:41622: gcc -c    -Wno-pragmas -Wall -Wextra -Wunknown-pragmas --param=ssp-buffer-size=1 -Waddress -Warray-bounds -Wbad-function-cast -Wchar-subscripts -Wcomment -Wfloat-equal -Wformat-security -Wformat=2 -Wmaybe-uninitialized -Wmissing-field-initializers -Wmissing-noreturn -Wmissing-prototypes -Wnested-externs -Wnormalized=id -Woverride-init -Wpointer-arith -Wpointer-sign -Wshadow -Wsign-compare -Wstrict-overflow=1 -Wstrict-prototypes -Wswitch-enum -Wundef -Wunused -Wunused-result -Wunused-variable -Wwrite-strings -fwrapv -DHAVE_CONFIG_H -I. -I.  conftest.c >&5
configure:41622: $? = 0
configure:41622: result: yes
configure:41622: checking for wolfssl/openssl/opensslv.h
configure:41622: gcc -c    -Wno-pragmas -Wall -Wextra -Wunknown-pragmas --param=ssp-buffer-size=1 -Waddress -Warray-bounds -Wbad-function-cast -Wchar-subscripts -Wcomment -Wfloat-equal -Wformat-security -Wformat=2 -Wmaybe-uninitialized -Wmissing-field-initializers -Wmissing-noreturn -Wmissing-prototypes -Wnested-externs -Wnormalized=id -Woverride-init -Wpointer-arith -Wpointer-sign -Wshadow -Wsign-compare -Wstrict-overflow=1 -Wstrict-prototypes -Wswitch-enum -Wundef -Wunused -Wunused-result -Wunused-variable -Wwrite-strings -fwrapv -DHAVE_CONFIG_H -I. -I.  conftest.c >&5
configure:41622: $? = 0
configure:41622: result: yes
configure:41622: checking for wolfssl/openssl/ossl_typ.h
configure:41622: gcc -c    -Wno-pragmas -Wall -Wextra -Wunknown-pragmas --param=ssp-buffer-size=1 -Waddress -Warray-bounds -Wbad-function-cast -Wchar-subscripts -Wcomment -Wfloat-equal -Wformat-security -Wformat=2 -Wmaybe-uninitialized -Wmissing-field-initializers -Wmissing-noreturn -Wmissing-prototypes -Wnested-externs -Wnormalized=id -Woverride-init -Wpointer-arith -Wpointer-sign -Wshadow -Wsign-compare -Wstrict-overflow=1 -Wstrict-prototypes -Wswitch-enum -Wundef -Wunused -Wunused-result -Wunused-variable -Wwrite-strings -fwrapv -DHAVE_CONFIG_H -I. -I.  conftest.c >&5
configure:41622: $? = 0
configure:41622: result: yes
configure:41622: checking for wolfssl/openssl/pem.h
configure:41622: gcc -c    -Wno-pragmas -Wall -Wextra -Wunknown-pragmas --param=ssp-buffer-size=1 -Waddress -Warray-bounds -Wbad-function-cast -Wchar-subscripts -Wcomment -Wfloat-equal -Wformat-security -Wformat=2 -Wmaybe-uninitialized -Wmissing-field-initializers -Wmissing-noreturn -Wmissing-prototypes -Wnested-externs -Wnormalized=id -Woverride-init -Wpointer-arith -Wpointer-sign -Wshadow -Wsign-compare -Wstrict-overflow=1 -Wstrict-prototypes -Wswitch-enum -Wundef -Wunused -Wunused-result -Wunused-variable -Wwrite-strings -fwrapv -DHAVE_CONFIG_H -I. -I.  conftest.c >&5
configure:41622: $? = 0
configure:41622: result: yes
configure:41622: checking for wolfssl/openssl/pkcs12.h
configure:41622: gcc -c    -Wno-pragmas -Wall -Wextra -Wunknown-pragmas --param=ssp-buffer-size=1 -Waddress -Warray-bounds -Wbad-function-cast -Wchar-subscripts -Wcomment -Wfloat-equal -Wformat-security -Wformat=2 -Wmaybe-uninitialized -Wmissing-field-initializers -Wmissing-noreturn -Wmissing-prototypes -Wnested-externs -Wnormalized=id -Woverride-init -Wpointer-arith -Wpointer-sign -Wshadow -Wsign-compare -Wstrict-overflow=1 -Wstrict-prototypes -Wswitch-enum -Wundef -Wunused -Wunused-result -Wunused-variable -Wwrite-strings -fwrapv -DHAVE_CONFIG_H -I. -I.  conftest.c >&5
configure:41622: $? = 0
configure:41622: result: yes
configure:41622: checking for wolfssl/openssl/pkcs7.h
configure:41622: gcc -c    -Wno-pragmas -Wall -Wextra -Wunknown-pragmas --param=ssp-buffer-size=1 -Waddress -Warray-bounds -Wbad-function-cast -Wchar-subscripts -Wcomment -Wfloat-equal -Wformat-security -Wformat=2 -Wmaybe-uninitialized -Wmissing-field-initializers -Wmissing-noreturn -Wmissing-prototypes -Wnested-externs -Wnormalized=id -Woverride-init -Wpointer-arith -Wpointer-sign -Wshadow -Wsign-compare -Wstrict-overflow=1 -Wstrict-prototypes -Wswitch-enum -Wundef -Wunused -Wunused-result -Wunused-variable -Wwrite-strings -fwrapv -DHAVE_CONFIG_H -I. -I.  conftest.c >&5
configure:41622: $? = 0
configure:41622: result: yes
configure:41622: checking for wolfssl/openssl/rand.h
configure:41622: gcc -c    -Wno-pragmas -Wall -Wextra -Wunknown-pragmas --param=ssp-buffer-size=1 -Waddress -Warray-bounds -Wbad-function-cast -Wchar-subscripts -Wcomment -Wfloat-equal -Wformat-security -Wformat=2 -Wmaybe-uninitialized -Wmissing-field-initializers -Wmissing-noreturn -Wmissing-prototypes -Wnested-externs -Wnormalized=id -Woverride-init -Wpointer-arith -Wpointer-sign -Wshadow -Wsign-compare -Wstrict-overflow=1 -Wstrict-prototypes -Wswitch-enum -Wundef -Wunused -Wunused-result -Wunused-variable -Wwrite-strings -fwrapv -DHAVE_CONFIG_H -I. -I.  conftest.c >&5
configure:41622: $? = 0
configure:41622: result: yes
configure:41622: checking for wolfssl/openssl/rc4.h
configure:41622: gcc -c    -Wno-pragmas -Wall -Wextra -Wunknown-pragmas --param=ssp-buffer-size=1 -Waddress -Warray-bounds -Wbad-function-cast -Wchar-subscripts -Wcomment -Wfloat-equal -Wformat-security -Wformat=2 -Wmaybe-uninitialized -Wmissing-field-initializers -Wmissing-noreturn -Wmissing-prototypes -Wnested-externs -Wnormalized=id -Woverride-init -Wpointer-arith -Wpointer-sign -Wshadow -Wsign-compare -Wstrict-overflow=1 -Wstrict-prototypes -Wswitch-enum -Wundef -Wunused -Wunused-result -Wunused-variable -Wwrite-strings -fwrapv -DHAVE_CONFIG_H -I. -I.  conftest.c >&5
configure:41622: $? = 0
configure:41622: result: yes
configure:41622: checking for wolfssl/openssl/ripemd.h
configure:41622: gcc -c    -Wno-pragmas -Wall -Wextra -Wunknown-pragmas --param=ssp-buffer-size=1 -Waddress -Warray-bounds -Wbad-function-cast -Wchar-subscripts -Wcomment -Wfloat-equal -Wformat-security -Wformat=2 -Wmaybe-uninitialized -Wmissing-field-initializers -Wmissing-noreturn -Wmissing-prototypes -Wnested-externs -Wnormalized=id -Woverride-init -Wpointer-arith -Wpointer-sign -Wshadow -Wsign-compare -Wstrict-overflow=1 -Wstrict-prototypes -Wswitch-enum -Wundef -Wunused -Wunused-result -Wunused-variable -Wwrite-strings -fwrapv -DHAVE_CONFIG_H -I. -I.  conftest.c >&5
configure:41622: $? = 0
configure:41622: result: yes
configure:41622: checking for wolfssl/openssl/rsa.h
configure:41622: gcc -c    -Wno-pragmas -Wall -Wextra -Wunknown-pragmas --param=ssp-buffer-size=1 -Waddress -Warray-bounds -Wbad-function-cast -Wchar-subscripts -Wcomment -Wfloat-equal -Wformat-security -Wformat=2 -Wmaybe-uninitialized -Wmissing-field-initializers -Wmissing-noreturn -Wmissing-prototypes -Wnested-externs -Wnormalized=id -Woverride-init -Wpointer-arith -Wpointer-sign -Wshadow -Wsign-compare -Wstrict-overflow=1 -Wstrict-prototypes -Wswitch-enum -Wundef -Wunused -Wunused-result -Wunused-variable -Wwrite-strings -fwrapv -DHAVE_CONFIG_H -I. -I.  conftest.c >&5
configure:41622: $? = 0
configure:41622: result: yes
configure:41622: checking for wolfssl/openssl/safestack.h
configure:41622: gcc -c    -Wno-pragmas -Wall -Wextra -Wunknown-pragmas --param=ssp-buffer-size=1 -Waddress -Warray-bounds -Wbad-function-cast -Wchar-subscripts -Wcomment -Wfloat-equal -Wformat-security -Wformat=2 -Wmaybe-uninitialized -Wmissing-field-initializers -Wmissing-noreturn -Wmissing-prototypes -Wnested-externs -Wnormalized=id -Woverride-init -Wpointer-arith -Wpointer-sign -Wshadow -Wsign-compare -Wstrict-overflow=1 -Wstrict-prototypes -Wswitch-enum -Wundef -Wunused -Wunused-result -Wunused-variable -Wwrite-strings -fwrapv -DHAVE_CONFIG_H -I. -I.  conftest.c >&5
configure:41622: $? = 0
configure:41622: result: yes
configure:41622: checking for wolfssl/openssl/sha.h
configure:41622: gcc -c    -Wno-pragmas -Wall -Wextra -Wunknown-pragmas --param=ssp-buffer-size=1 -Waddress -Warray-bounds -Wbad-function-cast -Wchar-subscripts -Wcomment -Wfloat-equal -Wformat-security -Wformat=2 -Wmaybe-uninitialized -Wmissing-field-initializers -Wmissing-noreturn -Wmissing-prototypes -Wnested-externs -Wnormalized=id -Woverride-init -Wpointer-arith -Wpointer-sign -Wshadow -Wsign-compare -Wstrict-overflow=1 -Wstrict-prototypes -Wswitch-enum -Wundef -Wunused -Wunused-result -Wunused-variable -Wwrite-strings -fwrapv -DHAVE_CONFIG_H -I. -I.  conftest.c >&5
configure:41622: $? = 0
configure:41622: result: yes
configure:41622: checking for wolfssl/openssl/sha3.h
configure:41622: gcc -c    -Wno-pragmas -Wall -Wextra -Wunknown-pragmas --param=ssp-buffer-size=1 -Waddress -Warray-bounds -Wbad-function-cast -Wchar-subscripts -Wcomment -Wfloat-equal -Wformat-security -Wformat=2 -Wmaybe-uninitialized -Wmissing-field-initializers -Wmissing-noreturn -Wmissing-prototypes -Wnested-externs -Wnormalized=id -Woverride-init -Wpointer-arith -Wpointer-sign -Wshadow -Wsign-compare -Wstrict-overflow=1 -Wstrict-prototypes -Wswitch-enum -Wundef -Wunused -Wunused-result -Wunused-variable -Wwrite-strings -fwrapv -DHAVE_CONFIG_H -I. -I.  conftest.c >&5
configure:41622: $? = 0
configure:41622: result: yes
configure:41622: checking for wolfssl/openssl/srp.h
configure:41622: gcc -c    -Wno-pragmas -Wall -Wextra -Wunknown-pragmas --param=ssp-buffer-size=1 -Waddress -Warray-bounds -Wbad-function-cast -Wchar-subscripts -Wcomment -Wfloat-equal -Wformat-security -Wformat=2 -Wmaybe-uninitialized -Wmissing-field-initializers -Wmissing-noreturn -Wmissing-prototypes -Wnested-externs -Wnormalized=id -Woverride-init -Wpointer-arith -Wpointer-sign -Wshadow -Wsign-compare -Wstrict-overflow=1 -Wstrict-prototypes -Wswitch-enum -Wundef -Wunused -Wunused-result -Wunused-variable -Wwrite-strings -fwrapv -DHAVE_CONFIG_H -I. -I.  conftest.c >&5
configure:41622: $? = 0
configure:41622: result: yes
configure:41622: checking for wolfssl/openssl/ssl.h
configure:41622: gcc -c    -Wno-pragmas -Wall -Wextra -Wunknown-pragmas --param=ssp-buffer-size=1 -Waddress -Warray-bounds -Wbad-function-cast -Wchar-subscripts -Wcomment -Wfloat-equal -Wformat-security -Wformat=2 -Wmaybe-uninitialized -Wmissing-field-initializers -Wmissing-noreturn -Wmissing-prototypes -Wnested-externs -Wnormalized=id -Woverride-init -Wpointer-arith -Wpointer-sign -Wshadow -Wsign-compare -Wstrict-overflow=1 -Wstrict-prototypes -Wswitch-enum -Wundef -Wunused -Wunused-result -Wunused-variable -Wwrite-strings -fwrapv -DHAVE_CONFIG_H -I. -I.  conftest.c >&5
configure:41622: $? = 0
configure:41622: result: yes
configure:41622: checking for wolfssl/openssl/ssl23.h
configure:41622: gcc -c    -Wno-pragmas -Wall -Wextra -Wunknown-pragmas --param=ssp-buffer-size=1 -Waddress -Warray-bounds -Wbad-function-cast -Wchar-subscripts -Wcomment -Wfloat-equal -Wformat-security -Wformat=2 -Wmaybe-uninitialized -Wmissing-field-initializers -Wmissing-noreturn -Wmissing-prototypes -Wnested-externs -Wnormalized=id -Woverride-init -Wpointer-arith -Wpointer-sign -Wshadow -Wsign-compare -Wstrict-overflow=1 -Wstrict-prototypes -Wswitch-enum -Wundef -Wunused -Wunused-result -Wunused-variable -Wwrite-strings -fwrapv -DHAVE_CONFIG_H -I. -I.  conftest.c >&5
configure:41622: $? = 0
configure:41622: result: yes
configure:41622: checking for wolfssl/openssl/stack.h
configure:41622: gcc -c    -Wno-pragmas -Wall -Wextra -Wunknown-pragmas --param=ssp-buffer-size=1 -Waddress -Warray-bounds -Wbad-function-cast -Wchar-subscripts -Wcomment -Wfloat-equal -Wformat-security -Wformat=2 -Wmaybe-uninitialized -Wmissing-field-initializers -Wmissing-noreturn -Wmissing-prototypes -Wnested-externs -Wnormalized=id -Woverride-init -Wpointer-arith -Wpointer-sign -Wshadow -Wsign-compare -Wstrict-overflow=1 -Wstrict-prototypes -Wswitch-enum -Wundef -Wunused -Wunused-result -Wunused-variable -Wwrite-strings -fwrapv -DHAVE_CONFIG_H -I. -I.  conftest.c >&5
configure:41622: $? = 0
configure:41622: result: yes
configure:41622: checking for wolfssl/openssl/tls1.h
configure:41622: gcc -c    -Wno-pragmas -Wall -Wextra -Wunknown-pragmas --param=ssp-buffer-size=1 -Waddress -Warray-bounds -Wbad-function-cast -Wchar-subscripts -Wcomment -Wfloat-equal -Wformat-security -Wformat=2 -Wmaybe-uninitialized -Wmissing-field-initializers -Wmissing-noreturn -Wmissing-prototypes -Wnested-externs -Wnormalized=id -Woverride-init -Wpointer-arith -Wpointer-sign -Wshadow -Wsign-compare -Wstrict-overflow=1 -Wstrict-prototypes -Wswitch-enum -Wundef -Wunused -Wunused-result -Wunused-variable -Wwrite-strings -fwrapv -DHAVE_CONFIG_H -I. -I.  conftest.c >&5
configure:41622: $? = 0
configure:41622: result: yes
configure:41622: checking for wolfssl/openssl/txt_db.h
configure:41622: gcc -c    -Wno-pragmas -Wall -Wextra -Wunknown-pragmas --param=ssp-buffer-size=1 -Waddress -Warray-bounds -Wbad-function-cast -Wchar-subscripts -Wcomment -Wfloat-equal -Wformat-security -Wformat=2 -Wmaybe-uninitialized -Wmissing-field-initializers -Wmissing-noreturn -Wmissing-prototypes -Wnested-externs -Wnormalized=id -Woverride-init -Wpointer-arith -Wpointer-sign -Wshadow -Wsign-compare -Wstrict-overflow=1 -Wstrict-prototypes -Wswitch-enum -Wundef -Wunused -Wunused-result -Wunused-variable -Wwrite-strings -fwrapv -DHAVE_CONFIG_H -I. -I.  conftest.c >&5
configure:41622: $? = 0
configure:41622: result: yes
configure:41622: checking for wolfssl/openssl/ui.h
configure:41622: gcc -c    -Wno-pragmas -Wall -Wextra -Wunknown-pragmas --param=ssp-buffer-size=1 -Waddress -Warray-bounds -Wbad-function-cast -Wchar-subscripts -Wcomment -Wfloat-equal -Wformat-security -Wformat=2 -Wmaybe-uninitialized -Wmissing-field-initializers -Wmissing-noreturn -Wmissing-prototypes -Wnested-externs -Wnormalized=id -Woverride-init -Wpointer-arith -Wpointer-sign -Wshadow -Wsign-compare -Wstrict-overflow=1 -Wstrict-prototypes -Wswitch-enum -Wundef -Wunused -Wunused-result -Wunused-variable -Wwrite-strings -fwrapv -DHAVE_CONFIG_H -I. -I.  conftest.c >&5
configure:41622: $? = 0
configure:41622: result: yes
configure:41622: checking for wolfssl/openssl/x509.h
configure:41622: gcc -c    -Wno-pragmas -Wall -Wextra -Wunknown-pragmas --param=ssp-buffer-size=1 -Waddress -Warray-bounds -Wbad-function-cast -Wchar-subscripts -Wcomment -Wfloat-equal -Wformat-security -Wformat=2 -Wmaybe-uninitialized -Wmissing-field-initializers -Wmissing-noreturn -Wmissing-prototypes -Wnested-externs -Wnormalized=id -Woverride-init -Wpointer-arith -Wpointer-sign -Wshadow -Wsign-compare -Wstrict-overflow=1 -Wstrict-prototypes -Wswitch-enum -Wundef -Wunused -Wunused-result -Wunused-variable -Wwrite-strings -fwrapv -DHAVE_CONFIG_H -I. -I.  conftest.c >&5
configure:41622: $? = 0
configure:41622: result: yes
configure:41622: checking for wolfssl/openssl/x509_vfy.h
configure:41622: gcc -c    -Wno-pragmas -Wall -Wextra -Wunknown-pragmas --param=ssp-buffer-size=1 -Waddress -Warray-bounds -Wbad-function-cast -Wchar-subscripts -Wcomment -Wfloat-equal -Wformat-security -Wformat=2 -Wmaybe-uninitialized -Wmissing-field-initializers -Wmissing-noreturn -Wmissing-prototypes -Wnested-externs -Wnormalized=id -Woverride-init -Wpointer-arith -Wpointer-sign -Wshadow -Wsign-compare -Wstrict-overflow=1 -Wstrict-prototypes -Wswitch-enum -Wundef -Wunused -Wunused-result -Wunused-variable -Wwrite-strings -fwrapv -DHAVE_CONFIG_H -I. -I.  conftest.c >&5
configure:41622: $? = 0
configure:41622: result: yes
configure:41622: checking for wolfssl/openssl/x509v3.h
configure:41622: gcc -c    -Wno-pragmas -Wall -Wextra -Wunknown-pragmas --param=ssp-buffer-size=1 -Waddress -Warray-bounds -Wbad-function-cast -Wchar-subscripts -Wcomment -Wfloat-equal -Wformat-security -Wformat=2 -Wmaybe-uninitialized -Wmissing-field-initializers -Wmissing-noreturn -Wmissing-prototypes -Wnested-externs -Wnormalized=id -Woverride-init -Wpointer-arith -Wpointer-sign -Wshadow -Wsign-compare -Wstrict-overflow=1 -Wstrict-prototypes -Wswitch-enum -Wundef -Wunused -Wunused-result -Wunused-variable -Wwrite-strings -fwrapv -DHAVE_CONFIG_H -I. -I.  conftest.c >&5
configure:41622: $? = 0
configure:41622: result: yes

## ---------------- ##
## Cache variables. ##
## ---------------- ##

ac_cv_build=x86_64-pc-linux-gnu
ac_cv_c___atomic=yes
ac_cv_c_bigendian=no
ac_cv_c_compiler_gnu=yes
ac_cv_c_uint8_t=yes
ac_cv_c_undeclared_builtin_options='none needed'
ac_cv_env_CCASFLAGS_set=
ac_cv_env_CCASFLAGS_value=
ac_cv_env_CCAS_set=
ac_cv_env_CCAS_value=
ac_cv_env_CC_set=
ac_cv_env_CC_value=
ac_cv_env_CFLAGS_set=
ac_cv_env_CFLAGS_value=
ac_cv_env_CPPFLAGS_set=
ac_cv_env_CPPFLAGS_value=
ac_cv_env_CPP_set=
ac_cv_env_CPP_value=
ac_cv_env_EXTRA_CCASFLAGS_set=
ac_cv_env_EXTRA_CCASFLAGS_value=
ac_cv_env_EXTRA_CFLAGS_set=
ac_cv_env_EXTRA_CFLAGS_value=
ac_cv_env_EXTRA_CPPFLAGS_set=
ac_cv_env_EXTRA_CPPFLAGS_value=
ac_cv_env_EXTRA_LDFLAGS_set=
ac_cv_env_EXTRA_LDFLAGS_value=
ac_cv_env_LDFLAGS_set=
ac_cv_env_LDFLAGS_value=
ac_cv_env_LIBS_set=
ac_cv_env_LIBS_value=
ac_cv_env_LT_SYS_LIBRARY_PATH_set=
ac_cv_env_LT_SYS_LIBRARY_PATH_value=
ac_cv_env_build_alias_set=
ac_cv_env_build_alias_value=
ac_cv_env_host_alias_set=
ac_cv_env_host_alias_value=
ac_cv_env_target_alias_set=
ac_cv_env_target_alias_value=
ac_cv_func_atexit=yes
ac_cv_func_getaddrinfo=yes
ac_cv_func_gethostbyname=yes
ac_cv_func_gettimeofday=yes
ac_cv_func_gmtime_r=yes
ac_cv_func_gmtime_s=no
ac_cv_func_inet_ntoa=yes
ac_cv_func_memset=yes
ac_cv_func_socket=yes
ac_cv_func_strftime=yes
ac_cv_have_decl_atexit=yes
ac_cv_have_decl_getaddrinfo=yes
ac_cv_have_decl_gethostbyname=yes
ac_cv_have_decl_gettimeofday=yes
ac_cv_have_decl_gmtime_r=yes
ac_cv_have_decl_gmtime_s=no
ac_cv_have_decl_inet_ntoa=yes
ac_cv_have_decl_memset=yes
ac_cv_have_decl_socket=yes
ac_cv_have_decl_strftime=yes
ac_cv_header_arpa_inet_h=yes
ac_cv_header_dlfcn_h=yes
ac_cv_header_errno_h=yes
ac_cv_header_fcntl_h=yes
ac_cv_header_inttypes_h=yes
ac_cv_header_limits_h=yes
ac_cv_header_netdb_h=yes
ac_cv_header_netinet_in_h=yes
ac_cv_header_stdatomic_h=yes
ac_cv_header_stddef_h=yes
ac_cv_header_stdint_h=yes
ac_cv_header_stdio_h=yes
ac_cv_header_stdlib_h=yes
ac_cv_header_string_h=yes
ac_cv_header_strings_h=yes
ac_cv_header_sys_ioctl_h=yes
ac_cv_header_sys_socket_h=yes
ac_cv_header_sys_stat_h=yes
ac_cv_header_sys_time_h=yes
ac_cv_header_sys_types_h=yes
ac_cv_header_sys_un_h=yes
ac_cv_header_time_h=yes
ac_cv_header_unistd_h=yes
ac_cv_header_wolfssl_openssl_aes_h=yes
ac_cv_header_wolfssl_openssl_asn1_h=yes
ac_cv_header_wolfssl_openssl_asn1t_h=yes
ac_cv_header_wolfssl_openssl_bio_h=yes
ac_cv_header_wolfssl_openssl_bn_h=yes
ac_cv_header_wolfssl_openssl_buffer_h=yes
ac_cv_header_wolfssl_openssl_camellia_h=yes
ac_cv_header_wolfssl_openssl_cmac_h=yes
ac_cv_header_wolfssl_openssl_cms_h=yes
ac_cv_header_wolfssl_openssl_compat_types_h=yes
ac_cv_header_wolfssl_openssl_conf_h=yes
ac_cv_header_wolfssl_openssl_crypto_h=yes
ac_cv_header_wolfssl_openssl_des_h=yes
ac_cv_header_wolfssl_openssl_dh_h=yes
ac_cv_header_wolfssl_openssl_dsa_h=yes
ac_cv_header_wolfssl_openssl_ec25519_h=yes
ac_cv_header_wolfssl_openssl_ec448_h=yes
ac_cv_header_wolfssl_openssl_ec_h=yes
ac_cv_header_wolfssl_openssl_ecdh_h=yes
ac_cv_header_wolfssl_openssl_ecdsa_h=yes
ac_cv_header_wolfssl_openssl_ed25519_h=yes
ac_cv_header_wolfssl_openssl_ed448_h=yes
ac_cv_header_wolfssl_openssl_engine_h=yes
ac_cv_header_wolfssl_openssl_err_h=yes
ac_cv_header_wolfssl_openssl_evp_h=yes
ac_cv_header_wolfssl_openssl_fips_rand_h=yes
ac_cv_header_wolfssl_openssl_hmac_h=yes
ac_cv_header_wolfssl_openssl_kdf_h=yes
ac_cv_header_wolfssl_openssl_lhash_h=yes
ac_cv_header_wolfssl_openssl_md4_h=yes
ac_cv_header_wolfssl_openssl_md5_h=yes
ac_cv_header_wolfssl_openssl_modes_h=yes
ac_cv_header_wolfssl_openssl_obj_mac_h=yes
ac_cv_header_wolfssl_openssl_objects_h=yes
ac_cv_header_wolfssl_openssl_ocsp_h=yes
ac_cv_header_wolfssl_openssl_opensslconf_h=yes
ac_cv_header_wolfssl_openssl_opensslv_h=yes
ac_cv_header_wolfssl_openssl_ossl_typ_h=yes
ac_cv_header_wolfssl_openssl_pem_h=yes
ac_cv_header_wolfssl_openssl_pkcs12_h=yes
ac_cv_header_wolfssl_openssl_pkcs7_h=yes
ac_cv_header_wolfssl_openssl_rand_h=yes
ac_cv_header_wolfssl_openssl_rc4_h=yes
ac_cv_header_wolfssl_openssl_ripemd_h=yes
ac_cv_header_wolfssl_openssl_rsa_h=yes
ac_cv_header_wolfssl_openssl_safestack_h=yes
ac_cv_header_wolfssl_openssl_sha3_h=yes
ac_cv_header_wolfssl_openssl_sha_h=yes
ac_cv_header_wolfssl_openssl_srp_h=yes
ac_cv_header_wolfssl_openssl_ssl23_h=yes
ac_cv_header_wolfssl_openssl_ssl_h=yes
ac_cv_header_wolfssl_openssl_stack_h=yes
ac_cv_header_wolfssl_openssl_tls1_h=yes
ac_cv_header_wolfssl_openssl_txt_db_h=yes
ac_cv_header_wolfssl_openssl_ui_h=yes
ac_cv_header_wolfssl_openssl_x509_h=yes
ac_cv_header_wolfssl_openssl_x509_vfy_h=yes
ac_cv_header_wolfssl_openssl_x509v3_h=yes
ac_cv_host=x86_64-pc-linux-gnu
ac_cv_lib_m_cos=yes
ac_cv_lib_network_socket=no
ac_cv_objext=o
ac_cv_path_EGREP='/usr/bin/grep -E'
ac_cv_path_FGREP='/usr/bin/grep -F'
ac_cv_path_GREP=/usr/bin/grep
ac_cv_path_SED=/usr/bin/sed
ac_cv_path_install='/usr/bin/install -c'
ac_cv_path_lt_DD=/usr/bin/dd
ac_cv_path_mkdir=/usr/bin/mkdir
ac_cv_prog_AWK=mawk
ac_cv_prog_CPP='gcc -E'
ac_cv_prog_HAVE_OPENSSL_CMD=yes
ac_cv_prog_ac_ct_AR=ar
ac_cv_prog_ac_ct_CC=gcc
ac_cv_prog_ac_ct_MANIFEST_TOOL=mt
ac_cv_prog_ac_ct_OBJDUMP=objdump
ac_cv_prog_ac_ct_RANLIB=ranlib
ac_cv_prog_ac_ct_STRIP=strip
ac_cv_prog_cc_c11=
ac_cv_prog_cc_g=yes
ac_cv_prog_cc_stdc=
ac_cv_prog_make_make_set=yes
ac_cv_search_gethostbyname='none required'
ac_cv_search_socket='none required'
ac_cv_sizeof_long=8
ac_cv_sizeof_long_long=8
ac_cv_sizeof_time_t=8
ac_cv_target=x86_64-pc-linux-gnu
ac_cv_tls=_Thread_local
ac_cv_type___uint128_t=yes
ac_cv_type_size_t=yes
ac_cv_type_uintptr_t=yes
ac_cv_vcs_checkout=no
ac_cv_vcs_system=none
ac_cv_warnings_as_errors=no
am_cv_CCAS_dependencies_compiler_type=gcc3
am_cv_CC_dependencies_compiler_type=gcc3
am_cv_make_support_nested_variables=yes
am_cv_prog_cc_c_o=yes
am_cv_prog_tar_ustar=gnutar
ax_cv_PTHREAD_CLANG=no
ax_cv_PTHREAD_JOINABLE_ATTR=PTHREAD_CREATE_JOINABLE
ax_cv_PTHREAD_PRIO_INHERIT=yes
ax_cv_PTHREAD_SPECIAL_FLAGS=no
ax_cv_check_cflags__Waddress=yes
ax_cv_check_cflags__Wall=yes
ax_cv_check_cflags__Warray_bounds=yes
ax_cv_check_cflags__Wbad_function_cast=yes
ax_cv_check_cflags__Wchar_subscripts=yes
ax_cv_check_cflags__Wcomment=yes
ax_cv_check_cflags__Wextra=yes
ax_cv_check_cflags__Wfloat_equal=yes
ax_cv_check_cflags__Wformat_2=yes
ax_cv_check_cflags__Wformat_security=yes
ax_cv_check_cflags__Wmaybe_uninitialized=yes
ax_cv_check_cflags__Wmissing_field_initializers=yes
ax_cv_check_cflags__Wmissing_noreturn=yes
ax_cv_check_cflags__Wmissing_prototypes=yes
ax_cv_check_cflags__Wnested_externs=yes
ax_cv_check_cflags__Wno_pragmas=yes
ax_cv_check_cflags__Wnormalized_id=yes
ax_cv_check_cflags__Woverride_init=yes
ax_cv_check_cflags__Wpointer_arith=yes
ax_cv_check_cflags__Wpointer_sign=yes
ax_cv_check_cflags__Wshadow=yes
ax_cv_check_cflags__Wshorten_64_to_32=no
ax_cv_check_cflags__Wsign_compare=yes
ax_cv_check_cflags__Wstrict_overflow_1=yes
ax_cv_check_cflags__Wstrict_prototypes=yes
ax_cv_check_cflags__Wswitch_enum=yes
ax_cv_check_cflags__Wthis_test_should_fail=no
ax_cv_check_cflags__Wundef=yes
ax_cv_check_cflags__Wunknown_pragmas=yes
ax_cv_check_cflags__Wunused=yes
ax_cv_check_cflags__Wunused_result=yes
ax_cv_check_cflags__Wunused_variable=yes
ax_cv_check_cflags__Wwrite_strings=yes
ax_cv_check_cflags___Werror=yes
ax_cv_check_cflags___param_ssp_buffer_size_1=yes
ax_cv_check_cflags__fwrapv=yes
ax_cv_check_ldflags___Werror=yes
ax_cv_check_ldflags__pie=yes
ax_cv_check_ldflags__z_relro__z_now=yes
gl_cv_cc_vis_werror=yes
gl_cv_cc_visibility=yes
lt_cv_ar_at_file=@
lt_cv_archive_cmds_need_lc=no
lt_cv_deplibs_check_method=pass_all
lt_cv_file_magic_cmd='$MAGIC_CMD'
lt_cv_file_magic_test_file=
lt_cv_ld_reload_flag=-r
lt_cv_nm_interface='BSD nm'
lt_cv_objdir=.libs
lt_cv_path_LD=/usr/bin/ld
lt_cv_path_NM='/usr/bin/nm -B'
lt_cv_path_mainfest_tool=no
lt_cv_prog_compiler_c_o=yes
lt_cv_prog_compiler_pic='-fPIC -DPIC'
lt_cv_prog_compiler_pic_works=yes
lt_cv_prog_compiler_rtti_exceptions=no
lt_cv_prog_compiler_static_works=yes
lt_cv_prog_gnu_ld=yes
lt_cv_sharedlib_from_linklib_cmd='printf %s\n'
lt_cv_shlibpath_overrides_runpath=yes
lt_cv_sys_global_symbol_pipe='sed -n -e '\''s/^.*[	 ]\([ABCDGIRSTW][ABCDGIRSTW]*\)[	 ][	 ]*\([_A-Za-z][_A-Za-z0-9]*\)$/\1 \2 \2/p'\'' | sed '\''/ __gnu_lto/d'\'''
lt_cv_sys_global_symbol_to_c_name_address='sed -n -e '\''s/^: \(.*\) .*$/  {"\1", (void *) 0},/p'\'' -e '\''s/^[ABCDGIRSTW][ABCDGIRSTW]* .* \(.*\)$/  {"\1", (void *) \&\1},/p'\'''
lt_cv_sys_global_symbol_to_c_name_address_lib_prefix='sed -n -e '\''s/^: \(.*\) .*$/  {"\1", (void *) 0},/p'\'' -e '\''s/^[ABCDGIRSTW][ABCDGIRSTW]* .* \(lib.*\)$/  {"\1", (void *) \&\1},/p'\'' -e '\''s/^[ABCDGIRSTW][ABCDGIRSTW]* .* \(.*\)$/  {"lib\1", (void *) \&\1},/p'\'''
lt_cv_sys_global_symbol_to_cdecl='sed -n -e '\''s/^T .* \(.*\)$/extern int \1();/p'\'' -e '\''s/^[ABCDGIRSTW][ABCDGIRSTW]* .* \(.*\)$/extern char \1;/p'\'''
lt_cv_sys_global_symbol_to_import=
lt_cv_sys_max_cmd_len=1572864
lt_cv_to_host_file_cmd=func_convert_file_noop
lt_cv_to_tool_file_cmd=func_convert_file_noop
lt_cv_truncate_bin='/usr/bin/dd bs=4096 count=1'

## ----------------- ##
## Output variables. ##
## ----------------- ##

ACLOCAL='${SHELL} '\''/home/ubu22/Escritorio/2025_ectf_tests/ectf_upct2025/decoder/wolfssl/build-aux/missing'\'' aclocal-1.16'
AMDEPBACKSLASH='\'
AMDEP_FALSE='#'
AMDEP_TRUE=''
AMINCLUDE='aminclude.am'
AMTAR='$${TAR-tar}'
AM_BACKSLASH='\'
AM_CCASFLAGS=' -DNDEBUG -DWOLFSSL_X86_64_BUILD '
AM_CFLAGS=' -fvisibility=hidden -DHAVE_C___ATOMIC=1 -DHAVE_THREAD_LS -DNDEBUG -DNO_DO178 -DWOLFSSL_X86_64_BUILD -DWOLFSSL_ASN_TEMPLATE -pthread -DERROR_QUEUE_PER_THREAD -DTFM_TIMING_RESISTANT -DECC_TIMING_RESISTANT -DWC_RSA_BLINDING -DWOLFSSL_ARMASM_NO_HW_CRYPTO -DWOLFSSL_USE_ALIGN -DWOLFSSL_SHA224 -DWOLFSSL_SHA512 -DWOLFSSL_SHA384 -DHAVE_HKDF -DNO_DSA -DHAVE_ECC -DTFM_ECC256 -DECC_SHAMIR -DECC_MIN_KEY_SZ=224 -DNO_OLD_TLS -DWC_RSA_PSS -DWOLFSSL_PSS_LONG_SALT -DWOLFSSL_ASN_PRINT -DWOLFSSL_BASE64_ENCODE -DWOLFSSL_SHA3 -DWOLFSSL_NO_SHAKE128 -DWOLFSSL_NO_SHAKE256 -DHAVE_POLY1305 -DHAVE_CHACHA -DHAVE_HASHDRBG -DHAVE_OPENSSL_CMD -DHAVE_TLS_EXTENSIONS -DHAVE_SNI -DHAVE_TLS_EXTENSIONS -DHAVE_SUPPORTED_CURVES -DHAVE_FFDHE_2048 -DHAVE_SUPPORTED_CURVES -DWOLFSSL_TLS13 -DHAVE_TLS_EXTENSIONS -DHAVE_EXTENDED_MASTER -DNO_RC4 -DHAVE_ENCRYPT_THEN_MAC -DNO_PSK -DNO_MD4 -DWOLFSSL_SP_MATH_ALL -DWOLFSSL_SP_X86_64 -DWC_NO_ASYNC_THREADING -DHAVE_DH_DEFAULT_PARAMS -DWOLFSSL_SYS_CA_CERTS -DHAVE_OCSP -DOPENSSL_ALL -DWOLFSSL_EITHER_SIDE -DWC_RSA_NO_PADDING -DWC_RSA_PSS -DWOLFSSL_PSS_LONG_SALT -DWOLFSSL_TICKET_HAVE_ID -DWOLFSSL_ERROR_CODE_OPENSSL -DWOLFSSL_CERT_NAME_ALL -DOPENSSL_EXTRA -DNO_DES3 -DNO_DES3_TLS_SUITES -DGCM_TABLE_4BIT -DHAVE_AESGCM -DHAVE_TLS_EXTENSIONS -DHAVE_SERVER_RENEGOTIATION_INFO -DHAVE_COMP_KEY -Wall -Wno-unused -O2 -DHAVE___UINT128_T=1 -DHAVE_WC_INTROSPECTION -include ./.build_params '
AM_CPPFLAGS=' -DWOLFSSL_HAVE_ATOMIC_H '
AM_DEFAULT_V='$(AM_DEFAULT_VERBOSITY)'
AM_DEFAULT_VERBOSITY='0'
AM_LDFLAGS=' '
AM_V='$(V)'
AR='ar'
AS='as'
ASFLAGS_FPUSIMD_DISABLE=''
ASFLAGS_FPUSIMD_ENABLE=''
ASFLAGS_FPU_DISABLE_SIMD_ENABLE=''
ASFLAGS_FPU_ENABLE_SIMD_DISABLE=''
AUTOCONF='${SHELL} '\''/home/ubu22/Escritorio/2025_ectf_tests/ectf_upct2025/decoder/wolfssl/build-aux/missing'\'' autoconf'
AUTOHEADER='${SHELL} '\''/home/ubu22/Escritorio/2025_ectf_tests/ectf_upct2025/decoder/wolfssl/build-aux/missing'\'' autoheader'
AUTOMAKE='${SHELL} '\''/home/ubu22/Escritorio/2025_ectf_tests/ectf_upct2025/decoder/wolfssl/build-aux/missing'\'' automake-1.16'
AWK='mawk'
BUILD_AESCCM_FALSE=''
BUILD_AESCCM_TRUE='#'
BUILD_AESGCM_FALSE='#'
BUILD_AESGCM_TRUE=''
BUILD_AESNI_FALSE=''
BUILD_AESNI_TRUE='#'
BUILD_AESXTS_FALSE=''
BUILD_AESXTS_TRUE='#'
BUILD_AES_FALSE='#'
BUILD_AES_TRUE=''
BUILD_AFALG_FALSE=''
BUILD_AFALG_TRUE='#'
BUILD_ALL_FALSE=''
BUILD_ALL_TRUE='#'
BUILD_ARIA_FALSE=''
BUILD_ARIA_TRUE='#'
BUILD_ARMASM_CRYPTO_FALSE=''
BUILD_ARMASM_CRYPTO_TRUE='#'
BUILD_ARMASM_FALSE=''
BUILD_ARMASM_INLINE_FALSE=''
BUILD_ARMASM_INLINE_TRUE='#'
BUILD_ARMASM_NEON_FALSE=''
BUILD_ARMASM_NEON_TRUE='#'
BUILD_ARMASM_TRUE='#'
BUILD_ARM_32_FALSE=''
BUILD_ARM_32_TRUE='#'
BUILD_ARM_64_FALSE=''
BUILD_ARM_64_TRUE='#'
BUILD_ARM_NONTHUMB_FALSE='#'
BUILD_ARM_NONTHUMB_TRUE=''
BUILD_ARM_THUMB_FALSE=''
BUILD_ARM_THUMB_TRUE='#'
BUILD_ASCON_FALSE=''
BUILD_ASCON_TRUE='#'
BUILD_ASN_FALSE='#'
BUILD_ASN_TRUE=''
BUILD_ASYNCCRYPT_FALSE=''
BUILD_ASYNCCRYPT_TRUE='#'
BUILD_AUTOSAR_FALSE=''
BUILD_AUTOSAR_TRUE='#'
BUILD_BENCHMARK_FALSE='#'
BUILD_BENCHMARK_TRUE=''
BUILD_BLAKE2S_FALSE=''
BUILD_BLAKE2S_TRUE='#'
BUILD_BLAKE2_FALSE=''
BUILD_BLAKE2_TRUE='#'
BUILD_CAAM_FALSE=''
BUILD_CAAM_TRUE='#'
BUILD_CAMELLIA_FALSE=''
BUILD_CAMELLIA_TRUE='#'
BUILD_CAVIUM_FALSE=''
BUILD_CAVIUM_TRUE='#'
BUILD_CAVIUM_V_FALSE=''
BUILD_CAVIUM_V_TRUE='#'
BUILD_CHACHA_FALSE='#'
BUILD_CHACHA_TRUE=''
BUILD_CMAC_FALSE=''
BUILD_CMAC_TRUE='#'
BUILD_CODING_FALSE='#'
BUILD_CODING_TRUE=''
BUILD_CRL_FALSE=''
BUILD_CRL_MONITOR_FALSE=''
BUILD_CRL_MONITOR_TRUE='#'
BUILD_CRL_TRUE='#'
BUILD_CRYPTOAUTHLIB_FALSE=''
BUILD_CRYPTOAUTHLIB_TRUE='#'
BUILD_CRYPTOCB_FALSE=''
BUILD_CRYPTOCB_TRUE='#'
BUILD_CRYPTONLY_FALSE=''
BUILD_CRYPTONLY_TRUE='#'
BUILD_CUDA_FALSE=''
BUILD_CUDA_TRUE='#'
BUILD_CURVE25519_FALSE=''
BUILD_CURVE25519_INTELASM_FALSE=''
BUILD_CURVE25519_INTELASM_TRUE='#'
BUILD_CURVE25519_SMALL_FALSE=''
BUILD_CURVE25519_SMALL_TRUE='#'
BUILD_CURVE25519_TRUE='#'
BUILD_CURVE448_FALSE=''
BUILD_CURVE448_SMALL_FALSE=''
BUILD_CURVE448_SMALL_TRUE='#'
BUILD_CURVE448_TRUE='#'
BUILD_DES3_FALSE=''
BUILD_DES3_TRUE='#'
BUILD_DEVCRYPTO_FALSE=''
BUILD_DEVCRYPTO_TRUE='#'
BUILD_DH_FALSE='#'
BUILD_DH_TRUE=''
BUILD_DILITHIUM_FALSE=''
BUILD_DILITHIUM_TRUE='#'
BUILD_DISTRO_FALSE=''
BUILD_DISTRO_TRUE='#'
BUILD_DO178_FALSE=''
BUILD_DO178_TRUE='#'
BUILD_DSA_FALSE=''
BUILD_DSA_TRUE='#'
BUILD_DTLS13_FALSE=''
BUILD_DTLS13_TRUE='#'
BUILD_DTLS_CID_FALSE=''
BUILD_DTLS_CID_TRUE='#'
BUILD_DTLS_FALSE=''
BUILD_DTLS_TRUE='#'
BUILD_ECCSI_FALSE=''
BUILD_ECCSI_TRUE='#'
BUILD_ECC_FALSE='#'
BUILD_ECC_TRUE=''
BUILD_ED25519_FALSE=''
BUILD_ED25519_SMALL_FALSE=''
BUILD_ED25519_SMALL_TRUE='#'
BUILD_ED25519_TRUE='#'
BUILD_ED448_FALSE=''
BUILD_ED448_SMALL_FALSE=''
BUILD_ED448_SMALL_TRUE='#'
BUILD_ED448_TRUE='#'
BUILD_ERROR_STRINGS_FALSE='#'
BUILD_ERROR_STRINGS_TRUE=''
BUILD_EXAMPLE_ASN1_FALSE='#'
BUILD_EXAMPLE_ASN1_TRUE=''
BUILD_EXAMPLE_CLIENTS_FALSE='#'
BUILD_EXAMPLE_CLIENTS_TRUE=''
BUILD_EXAMPLE_SERVERS_FALSE='#'
BUILD_EXAMPLE_SERVERS_TRUE=''
BUILD_FASTMATH_FALSE=''
BUILD_FASTMATH_TRUE='#'
BUILD_FE448_FALSE=''
BUILD_FE448_TRUE='#'
BUILD_FEMATH_FALSE=''
BUILD_FEMATH_TRUE='#'
BUILD_FIPS_CURRENT_FALSE=''
BUILD_FIPS_CURRENT_TRUE='#'
BUILD_FIPS_FALSE=''
BUILD_FIPS_RAND_FALSE=''
BUILD_FIPS_RAND_TRUE='#'
BUILD_FIPS_TRUE='#'
BUILD_FIPS_V1_FALSE=''
BUILD_FIPS_V1_TRUE='#'
BUILD_FIPS_V2_FALSE=''
BUILD_FIPS_V2_TRUE='#'
BUILD_FIPS_V5_FALSE=''
BUILD_FIPS_V5_TRUE='#'
BUILD_FIPS_V6_FALSE=''
BUILD_FIPS_V6_TRUE='#'
BUILD_GE448_FALSE=''
BUILD_GE448_TRUE='#'
BUILD_GEMATH_FALSE=''
BUILD_GEMATH_TRUE='#'
BUILD_HASHFLAGS_FALSE=''
BUILD_HASHFLAGS_TRUE='#'
BUILD_HEAPMATH_FALSE=''
BUILD_HEAPMATH_TRUE='#'
BUILD_HMAC_FALSE='#'
BUILD_HMAC_TRUE=''
BUILD_HPKE_FALSE=''
BUILD_HPKE_TRUE='#'
BUILD_INLINE_FALSE='#'
BUILD_INLINE_TRUE=''
BUILD_INTELASM_FALSE=''
BUILD_INTELASM_TRUE='#'
BUILD_INTEL_QA_FALSE=''
BUILD_INTEL_QA_SYNC_FALSE=''
BUILD_INTEL_QA_SYNC_TRUE='#'
BUILD_INTEL_QA_TRUE='#'
BUILD_IOTSAFE_FALSE=''
BUILD_IOTSAFE_HWRNG_FALSE=''
BUILD_IOTSAFE_HWRNG_TRUE='#'
BUILD_IOTSAFE_TRUE='#'
BUILD_IPV6_FALSE=''
BUILD_IPV6_TRUE='#'
BUILD_KCAPI_FALSE=''
BUILD_KCAPI_TRUE='#'
BUILD_KDF_FALSE='#'
BUILD_KDF_TRUE=''
BUILD_LEANPSK_FALSE=''
BUILD_LEANPSK_TRUE='#'
BUILD_LEANTLS_FALSE=''
BUILD_LEANTLS_TRUE='#'
BUILD_LIBLMS_FALSE=''
BUILD_LIBLMS_TRUE='#'
BUILD_LIBOQS_FALSE=''
BUILD_LIBOQS_TRUE='#'
BUILD_LIBXMSS_FALSE=''
BUILD_LIBXMSS_TRUE='#'
BUILD_LIBZ_FALSE=''
BUILD_LIBZ_TRUE='#'
BUILD_LINUXKM_FALSE=''
BUILD_LINUXKM_TRUE='#'
BUILD_LOWMEM_FALSE=''
BUILD_LOWMEM_TRUE='#'
BUILD_MAXQ10XX_FALSE=''
BUILD_MAXQ10XX_TRUE='#'
BUILD_MCAPI_FALSE=''
BUILD_MCAPI_TRUE='#'
BUILD_MCAST_FALSE=''
BUILD_MCAST_TRUE='#'
BUILD_MD2_FALSE=''
BUILD_MD2_TRUE='#'
BUILD_MD4_FALSE=''
BUILD_MD4_TRUE='#'
BUILD_MD5_FALSE='#'
BUILD_MD5_TRUE=''
BUILD_MEMORY_FALSE='#'
BUILD_MEMORY_TRUE=''
BUILD_NO_LIBRARY_FALSE=''
BUILD_NO_LIBRARY_TRUE='#'
BUILD_OCSP_FALSE='#'
BUILD_OCSP_STAPLING_FALSE=''
BUILD_OCSP_STAPLING_MULTI_FALSE=''
BUILD_OCSP_STAPLING_MULTI_TRUE='#'
BUILD_OCSP_STAPLING_TRUE='#'
BUILD_OCSP_STAPLING_V2_FALSE=''
BUILD_OCSP_STAPLING_V2_TRUE='#'
BUILD_OCSP_TRUE=''
BUILD_OCTEON_SYNC_FALSE=''
BUILD_OCTEON_SYNC_TRUE='#'
BUILD_OPENSSL_COMPAT_FALSE='#'
BUILD_OPENSSL_COMPAT_TRUE=''
BUILD_PKCALLBACKS_FALSE=''
BUILD_PKCALLBACKS_TRUE='#'
BUILD_PKCS11_FALSE=''
BUILD_PKCS11_TRUE='#'
BUILD_PKCS12_FALSE='#'
BUILD_PKCS12_TRUE=''
BUILD_PKCS7_FALSE=''
BUILD_PKCS7_TRUE='#'
BUILD_PKCS8_FALSE='#'
BUILD_PKCS8_TRUE=''
BUILD_PKI_FALSE='#'
BUILD_PKI_TRUE=''
BUILD_POLY1305_FALSE='#'
BUILD_POLY1305_TRUE=''
BUILD_PSA_FALSE=''
BUILD_PSA_TRUE='#'
BUILD_PSK_FALSE=''
BUILD_PSK_TRUE='#'
BUILD_PWDBASED_FALSE='#'
BUILD_PWDBASED_TRUE=''
BUILD_QNXCAAM_FALSE=''
BUILD_QNXCAAM_TRUE='#'
BUILD_QUIC_FALSE=''
BUILD_QUIC_TRUE='#'
BUILD_RC2_FALSE=''
BUILD_RC2_TRUE='#'
BUILD_RC4_FALSE=''
BUILD_RC4_TRUE='#'
BUILD_RIPEMD_FALSE=''
BUILD_RIPEMD_TRUE='#'
BUILD_RISCV_ASM_FALSE=''
BUILD_RISCV_ASM_TRUE='#'
BUILD_RNG_FALSE='#'
BUILD_RNG_TRUE=''
BUILD_RSA_FALSE='#'
BUILD_RSA_TRUE=''
BUILD_SAKKE_FALSE=''
BUILD_SAKKE_TRUE='#'
BUILD_SCRYPT_FALSE=''
BUILD_SCRYPT_TRUE='#'
BUILD_SCTP_FALSE=''
BUILD_SCTP_TRUE='#'
BUILD_SE050_FALSE=''
BUILD_SE050_TRUE='#'
BUILD_SELFTEST_FALSE=''
BUILD_SELFTEST_TRUE='#'
BUILD_SHA224_FALSE='#'
BUILD_SHA224_TRUE=''
BUILD_SHA3_FALSE='#'
BUILD_SHA3_TRUE=''
BUILD_SHA512_FALSE='#'
BUILD_SHA512_TRUE=''
BUILD_SHA_FALSE='#'
BUILD_SHA_TRUE=''
BUILD_SIPHASH_FALSE=''
BUILD_SIPHASH_TRUE='#'
BUILD_SM2_FALSE=''
BUILD_SM2_TRUE='#'
BUILD_SM3_FALSE=''
BUILD_SM3_TRUE='#'
BUILD_SM4_FALSE=''
BUILD_SM4_TRUE='#'
BUILD_SMIME_FALSE=''
BUILD_SMIME_TRUE='#'
BUILD_SNIFFER_FALSE=''
BUILD_SNIFFER_TRUE='#'
BUILD_SNIFFTEST_FALSE=''
BUILD_SNIFFTEST_TRUE='#'
BUILD_SP_ARM32_FALSE=''
BUILD_SP_ARM32_TRUE='#'
BUILD_SP_ARM64_FALSE=''
BUILD_SP_ARM64_TRUE='#'
BUILD_SP_ARM_CORTEX_FALSE=''
BUILD_SP_ARM_CORTEX_TRUE='#'
BUILD_SP_ARM_THUMB_FALSE=''
BUILD_SP_ARM_THUMB_TRUE='#'
BUILD_SP_C32_FALSE=''
BUILD_SP_C32_TRUE='#'
BUILD_SP_C64_FALSE=''
BUILD_SP_C64_TRUE='#'
BUILD_SP_FALSE=''
BUILD_SP_INT_FALSE='#'
BUILD_SP_INT_TRUE=''
BUILD_SP_TRUE='#'
BUILD_SP_X86_64_FALSE=''
BUILD_SP_X86_64_TRUE='#'
BUILD_SRP_FALSE=''
BUILD_SRP_TRUE='#'
BUILD_SRTP_FALSE=''
BUILD_SRTP_TRUE='#'
BUILD_TESTS_FALSE='#'
BUILD_TESTS_TRUE=''
BUILD_THREADED_EXAMPLES_FALSE='#'
BUILD_THREADED_EXAMPLES_TRUE=''
BUILD_TLS13_FALSE='#'
BUILD_TLS13_TRUE=''
BUILD_TRUST_PEER_CERT_FALSE=''
BUILD_TRUST_PEER_CERT_TRUE='#'
BUILD_WC_KYBER_FALSE=''
BUILD_WC_KYBER_TRUE='#'
BUILD_WC_LMS_FALSE=''
BUILD_WC_LMS_TRUE='#'
BUILD_WC_XMSS_FALSE=''
BUILD_WC_XMSS_TRUE='#'
BUILD_WNR_FALSE=''
BUILD_WNR_TRUE='#'
BUILD_WOLFCRYPT_TESTS_FALSE='#'
BUILD_WOLFCRYPT_TESTS_LIBS_FALSE=''
BUILD_WOLFCRYPT_TESTS_LIBS_TRUE='#'
BUILD_WOLFCRYPT_TESTS_TRUE=''
BUILD_WOLFEVENT_FALSE=''
BUILD_WOLFEVENT_TRUE='#'
BUILD_X86_ASM_FALSE=''
BUILD_X86_ASM_TRUE='#'
BUILD_XCHACHA_FALSE=''
BUILD_XCHACHA_TRUE='#'
BUILD_XILINX_FALSE=''
BUILD_XILINX_TRUE='#'
CC='gcc'
CCAS='gcc'
CCASDEPMODE='depmode=gcc3'
CCASFLAGS='  '
CCDEPMODE='depmode=gcc3'
CFLAGS='   -Wno-pragmas -Wall -Wextra -Wunknown-pragmas --param=ssp-buffer-size=1 -Waddress -Warray-bounds -Wbad-function-cast -Wchar-subscripts -Wcomment -Wfloat-equal -Wformat-security -Wformat=2 -Wmaybe-uninitialized -Wmissing-field-initializers -Wmissing-noreturn -Wmissing-prototypes -Wnested-externs -Wnormalized=id -Woverride-init -Wpointer-arith -Wpointer-sign -Wshadow -Wsign-compare -Wstrict-overflow=1 -Wstrict-prototypes -Wswitch-enum -Wundef -Wunused -Wunused-result -Wunused-variable -Wwrite-strings -fwrapv'
CFLAGS_AUTO_VECTORIZE_DISABLE=''
CFLAGS_AUTO_VECTORIZE_ENABLE=''
CFLAGS_FPU_DISABLE=''
CFLAGS_FPU_ENABLE=''
CFLAGS_SIMD_DISABLE=''
CFLAGS_SIMD_ENABLE=''
CFLAG_VISIBILITY='-fvisibility=hidden'
CPP='gcc -E'
CPPFLAGS=''
CSCOPE='cscope'
CTAGS='ctags'
CYGPATH_W='echo'
DEBUG_FALSE=''
DEBUG_TRUE='#'
DEFS='-DHAVE_CONFIG_H'
DEPDIR='.deps'
DLLTOOL='false'
DSYMUTIL=''
DUMPBIN=''
ECHO_C=''
ECHO_N='-n'
ECHO_T=''
EGREP='/usr/bin/grep -E'
ENABLED_ASM='yes'
ENABLED_CRYPT_TESTS='yes'
ENABLED_FIPS='no'
ENABLED_LINUXKM_BENCHMARKS='no'
ENABLED_LINUXKM_PIE='no'
ETAGS='etags'
EXEEXT=''
EXTRA_CCASFLAGS=''
EXTRA_CFLAGS=''
EXTRA_CPPFLAGS=''
EXTRA_LDFLAGS=''
FGREP='/usr/bin/grep -F'
GENERIC_CONFIG='wolfssl-config'
GREP='/usr/bin/grep'
HAVE_OPENSSL_CMD='yes'
HAVE_VALGRIND=''
HAVE_VISIBILITY='1'
HEX_VERSION='0x05007006'
INCLUDE_SP_INT='yes'
INC_AMINCLUDE='include $(top_builddir)/aminclude.am'
INSTALL_DATA='${INSTALL} -m 644'
INSTALL_PROGRAM='${INSTALL}'
INSTALL_SCRIPT='${INSTALL}'
INSTALL_STRIP_PROGRAM='$(install_sh) -c -s'
IS_VCS_CHECKOUT_FALSE=''
IS_VCS_CHECKOUT_TRUE='#'
KERNEL_ARCH=''
KERNEL_ROOT=''
LD='/usr/bin/ld -m elf_x86_64'
LDFLAGS=''
LIBM='-lm'
LIBOBJS=''
LIBS=' -lpthread'
LIBSUFFIX=''
LIBTOOL='$(SHELL) $(top_builddir)/libtool'
LIB_ADD=''
LIB_STATIC_ADD=''
LIPO=''
LN_S='ln -s'
LTLIBOBJS=''
LT_SYS_LIBRARY_PATH=''
MAINT='#'
MAINTAINER_MODE_FALSE=''
MAINTAINER_MODE_TRUE='#'
MAKEINFO='${SHELL} '\''/home/ubu22/Escritorio/2025_ectf_tests/ectf_upct2025/decoder/wolfssl/build-aux/missing'\'' makeinfo'
MANIFEST_TOOL=':'
MCHECK=''
MKDIR_P='/usr/bin/mkdir -p'
NM='/usr/bin/nm -B'
NMEDIT=''
OBJDUMP='objdump'
OBJEXT='o'
OTOOL64=''
OTOOL=''
PACKAGE='wolfssl'
PACKAGE_BUGREPORT='https://github.com/wolfssl/wolfssl/issues'
PACKAGE_NAME='wolfssl'
PACKAGE_STRING='wolfssl 5.7.6'
PACKAGE_TARNAME='wolfssl'
PACKAGE_URL='https://www.wolfssl.com'
PACKAGE_VERSION='5.7.6'
PATH_SEPARATOR=':'
PSA_INCLUDE=''
PSA_LIB=''
PSA_LIB_NAME=''
PTHREAD_CC='gcc'
PTHREAD_CFLAGS='-pthread'
PTHREAD_CXX=''
PTHREAD_LIBS='-lpthread'
RANLIB='ranlib'
SED='/usr/bin/sed'
SET_MAKE=''
SHELL='/bin/bash'
STRIP='strip'
USE_VALGRIND_FALSE=''
USE_VALGRIND_TRUE='#'
VERSION='5.7.6'
WOLFSENTRY_INCLUDE=''
WOLFSENTRY_LIB=''
WOLFSSL_BUILD_DATE='Fri, 28 Feb 2025 13:19:07 +0100'
WOLFSSL_CONFIG_ARGS=' '\''--enable-aes'\'' '\''--enable-tls'\'' '\''--enable-opensslall'\'''
WOLFSSL_LIBRARY_VERSION='43:0:0'
WOLFSSL_LIBRARY_VERSION_FIRST='43'
WOLFSSL_LIBRARY_VERSION_SECOND='0'
WOLFSSL_LIBRARY_VERSION_THIRD='0'
XMSS_ROOT=''
ac_ct_AR='ar'
ac_ct_CC='gcc'
ac_ct_DUMPBIN=''
am__EXEEXT_FALSE=''
am__EXEEXT_TRUE='#'
am__fastdepCCAS_FALSE='#'
am__fastdepCCAS_TRUE=''
am__fastdepCC_FALSE='#'
am__fastdepCC_TRUE=''
am__include='include'
am__isrc=''
am__leading_dot='.'
am__nodep='_no'
am__quote=''
am__tar='tar --format=ustar -chf - "$$tardir"'
am__untar='tar -xf -'
ax_pthread_config=''
bindir='${exec_prefix}/bin'
build='x86_64-pc-linux-gnu'
build_alias=''
build_cpu='x86_64'
build_os='linux-gnu'
build_vendor='pc'
datadir='${datarootdir}'
datarootdir='${prefix}/share'
docdir='${datarootdir}/doc/${PACKAGE_TARNAME}'
dvidir='${docdir}'
exec_prefix='${prefix}'
host='x86_64-pc-linux-gnu'
host_alias=''
host_cpu='x86_64'
host_os='linux-gnu'
host_vendor='pc'
htmldir='${docdir}'
includedir='${prefix}/include'
infodir='${datarootdir}/info'
install_sh='${SHELL} /home/ubu22/Escritorio/2025_ectf_tests/ectf_upct2025/decoder/wolfssl/build-aux/install-sh'
libdir='${exec_prefix}/lib'
libexecdir='${exec_prefix}/libexec'
localedir='${datarootdir}/locale'
localstatedir='${prefix}/var'
mandir='${datarootdir}/man'
mkdir_p='$(MKDIR_P)'
oldincludedir='/usr/include'
pdfdir='${docdir}'
prefix='/usr/local'
program_transform_name='s,x,x,'
psdir='${docdir}'
runstatedir='${localstatedir}/run'
sbindir='${exec_prefix}/sbin'
sharedstatedir='${prefix}/com'
sysconfdir='${prefix}/etc'
target='x86_64-pc-linux-gnu'
target_alias=''
target_cpu='x86_64'
target_os='linux-gnu'
target_vendor='pc'

## ----------- ##
## confdefs.h. ##
## ----------- ##

/* confdefs.h */
#define PACKAGE_NAME "wolfssl"
#define PACKAGE_TARNAME "wolfssl"
#define PACKAGE_VERSION "5.7.6"
#define PACKAGE_STRING "wolfssl 5.7.6"
#define PACKAGE_BUGREPORT "https://github.com/wolfssl/wolfssl/issues"
#define PACKAGE_URL "https://www.wolfssl.com"
#define HAVE_STDIO_H 1
#define HAVE_STDLIB_H 1
#define HAVE_STRING_H 1
#define HAVE_INTTYPES_H 1
#define HAVE_STDINT_H 1
#define HAVE_STRINGS_H 1
#define HAVE_SYS_STAT_H 1
#define HAVE_SYS_TYPES_H 1
#define HAVE_UNISTD_H 1
#define STDC_HEADERS 1
#define HAVE_DLFCN_H 1
#define LT_OBJDIR ".libs/"
#define HAVE_VISIBILITY 1
#define SIZEOF_LONG_LONG 8
#define SIZEOF_LONG 8
#define SIZEOF_TIME_T 8
#define HAVE___UINT128_T 1
#define HAVE_ARPA_INET_H 1
#define HAVE_FCNTL_H 1
#define HAVE_LIMITS_H 1
#define HAVE_NETDB_H 1
#define HAVE_NETINET_IN_H 1
#define HAVE_STDDEF_H 1
#define HAVE_TIME_H 1
#define HAVE_SYS_IOCTL_H 1
#define HAVE_SYS_SOCKET_H 1
#define HAVE_SYS_TIME_H 1
#define HAVE_ERRNO_H 1
#define HAVE_SYS_UN_H 1
#define HAVE_C___ATOMIC 1
#define HAVE_GETHOSTBYNAME 1
#define HAVE_GETADDRINFO 1
#define HAVE_GETTIMEOFDAY 1
#define HAVE_GMTIME_R 1
#define HAVE_INET_NTOA 1
#define HAVE_MEMSET 1
#define HAVE_SOCKET 1
#define HAVE_STRFTIME 1
#define HAVE_ATEXIT 1
#define HAVE_DECL_GETHOSTBYNAME 1
#define HAVE_DECL_GETADDRINFO 1
#define HAVE_DECL_GETTIMEOFDAY 1
#define HAVE_DECL_GMTIME_R 1
#define HAVE_DECL_GMTIME_S 0
#define HAVE_DECL_INET_NTOA 1
#define HAVE_DECL_MEMSET 1
#define HAVE_DECL_SOCKET 1
#define HAVE_DECL_STRFTIME 1
#define HAVE_DECL_ATEXIT 1
#define HAVE_UINTPTR_T 1
#define TLS _Thread_local
#define DEBUG 0
#define HAVE_PTHREAD_PRIO_INHERIT 1
#define HAVE_PTHREAD 1
#define VCS_SYSTEM "none"
#define VCS_CHECKOUT 0

configure: exit 0
